ERROR - 2022-09-05 05:17:26 --> mysqli_sql_exception: Table 'kategori' already exists in C:\xampp\htdocs\toko-online\system\Database\MySQLi\Connection.php:292
Stack trace:
#0 C:\xampp\htdocs\toko-online\system\Database\MySQLi\Connection.php(292): mysqli->query('CREATE TABLE `k...', 0)
#1 C:\xampp\htdocs\toko-online\system\Database\BaseConnection.php(693): CodeIgniter\Database\MySQLi\Connection->execute('CREATE TABLE `k...')
#2 C:\xampp\htdocs\toko-online\system\Database\BaseConnection.php(620): CodeIgniter\Database\BaseConnection->simpleQuery('CREATE TABLE `k...')
#3 C:\xampp\htdocs\toko-online\system\Database\Forge.php(509): CodeIgniter\Database\BaseConnection->query('CREATE TABLE `k...')
#4 C:\xampp\htdocs\toko-online\app\Database\Migrations\2022-08-24-085808_Kategori.php(28): CodeIgniter\Database\Forge->createTable('kategori')
#5 C:\xampp\htdocs\toko-online\system\Database\MigrationRunner.php(868): App\Database\Migrations\Kategori->up()
#6 C:\xampp\htdocs\toko-online\system\Database\MigrationRunner.php(187): CodeIgniter\Database\MigrationRunner->migrate('up', Object(stdClass))
#7 C:\xampp\htdocs\toko-online\system\Commands\Database\Migrate.php(84): CodeIgniter\Database\MigrationRunner->latest(NULL)
#8 C:\xampp\htdocs\toko-online\system\CLI\Commands.php(63): CodeIgniter\Commands\Database\Migrate->run(Array)
#9 C:\xampp\htdocs\toko-online\system\CLI\BaseCommand.php(112): CodeIgniter\CLI\Commands->run('migrate', Array)
#10 C:\xampp\htdocs\toko-online\system\Commands\Database\MigrateRefresh.php(85): CodeIgniter\CLI\BaseCommand->call('migrate', Array)
#11 C:\xampp\htdocs\toko-online\system\CLI\Commands.php(63): CodeIgniter\Commands\Database\MigrateRefresh->run(Array)
#12 C:\xampp\htdocs\toko-online\system\CLI\CommandRunner.php(65): CodeIgniter\CLI\Commands->run('migrate:refresh', Array)
#13 C:\xampp\htdocs\toko-online\system\CLI\CommandRunner.php(51): CodeIgniter\CLI\CommandRunner->index(Array)
#14 C:\xampp\htdocs\toko-online\system\CodeIgniter.php(897): CodeIgniter\CLI\CommandRunner->_remap('index', Array)
#15 C:\xampp\htdocs\toko-online\system\CodeIgniter.php(457): CodeIgniter\CodeIgniter->runController(Object(CodeIgniter\CLI\CommandRunner))
#16 C:\xampp\htdocs\toko-online\system\CodeIgniter.php(336): CodeIgniter\CodeIgniter->handleRequest(NULL, Object(Config\Cache), false)
#17 C:\xampp\htdocs\toko-online\system\CLI\Console.php(48): CodeIgniter\CodeIgniter->run()
#18 C:\xampp\htdocs\toko-online\spark(98): CodeIgniter\CLI\Console->run()
#19 {main}
