ERROR - 2022-08-24 02:08:37 --> mysqli_sql_exception: Unknown column 'banerakhir' in 'where clause' in C:\xampp\htdocs\toko-online\system\Database\MySQLi\Connection.php:292
Stack trace:
#0 C:\xampp\htdocs\toko-online\system\Database\MySQLi\Connection.php(292): mysqli->query('SELECT *\nFROM `...', 0)
#1 C:\xampp\htdocs\toko-online\system\Database\BaseConnection.php(693): CodeIgniter\Database\MySQLi\Connection->execute('SELECT *\nFROM `...')
#2 C:\xampp\htdocs\toko-online\system\Database\BaseConnection.php(620): CodeIgniter\Database\BaseConnection->simpleQuery('SELECT *\nFROM `...')
#3 C:\xampp\htdocs\toko-online\system\Database\BaseBuilder.php(1585): CodeIgniter\Database\BaseConnection->query('SELECT *\nFROM `...', Array, false)
#4 C:\xampp\htdocs\toko-online\system\Model.php(771): CodeIgniter\Database\BaseBuilder->get()
#5 C:\xampp\htdocs\toko-online\app\Models\ModelBaner.php(17): CodeIgniter\Model->__call('get', Array)
#6 C:\xampp\htdocs\toko-online\app\Controllers\Home.php(51): App\Models\ModelBaner->tampilDataBaner('2022-08-24')
#7 C:\xampp\htdocs\toko-online\system\CodeIgniter.php(904): App\Controllers\Home->tampilBaner()
#8 C:\xampp\htdocs\toko-online\system\CodeIgniter.php(457): CodeIgniter\CodeIgniter->runController(Object(App\Controllers\Home))
#9 C:\xampp\htdocs\toko-online\system\CodeIgniter.php(340): CodeIgniter\CodeIgniter->handleRequest(NULL, Object(Config\Cache), false)
#10 C:\xampp\htdocs\toko-online\public\index.php(67): CodeIgniter\CodeIgniter->run()
#11 {main}
CRITICAL - 2022-08-24 02:08:37 --> Unknown column 'banerakhir' in 'where clause'
in SYSTEMPATH\Database\MySQLi\Connection.php on line 292.
 1 SYSTEMPATH\Database\MySQLi\Connection.php(292): mysqli->query('SELECT *
FROM `baner`
WHERE `banerakhir` >= \'2022-08-24\'
AND `banerawal` <= \'2022-08-24\'', 0)
 2 SYSTEMPATH\Database\BaseConnection.php(693): CodeIgniter\Database\MySQLi\Connection->execute('SELECT *
FROM `baner`
WHERE `banerakhir` >= \'2022-08-24\'
AND `banerawal` <= \'2022-08-24\'')
 3 SYSTEMPATH\Database\BaseConnection.php(620): CodeIgniter\Database\BaseConnection->simpleQuery('SELECT *
FROM `baner`
WHERE `banerakhir` >= \'2022-08-24\'
AND `banerawal` <= \'2022-08-24\'')
 4 SYSTEMPATH\Database\BaseBuilder.php(1585): CodeIgniter\Database\BaseConnection->query('SELECT *
FROM `baner`
WHERE `banerakhir` >= :banerakhir:
AND `banerawal` <= :banerawal:', [...], false)
 5 SYSTEMPATH\Model.php(771): CodeIgniter\Database\BaseBuilder->get()
 6 APPPATH\Models\ModelBaner.php(17): CodeIgniter\Model->__call('get', [])
 7 APPPATH\Controllers\Home.php(51): App\Models\ModelBaner->tampilDataBaner('2022-08-24')
 8 SYSTEMPATH\CodeIgniter.php(904): App\Controllers\Home->tampilBaner()
 9 SYSTEMPATH\CodeIgniter.php(457): CodeIgniter\CodeIgniter->runController(Object(App\Controllers\Home))
10 SYSTEMPATH\CodeIgniter.php(340): CodeIgniter\CodeIgniter->handleRequest(null, Object(Config\Cache), false)
11 FCPATH\index.php(67): CodeIgniter\CodeIgniter->run()
CRITICAL - 2022-08-24 02:09:25 --> Call to a member function getResultArray() on array
in APPPATH\Views\tampilbaner.php on line 9.
 1 SYSTEMPATH\View\View.php(213): include()
 2 SYSTEMPATH\View\View.php(216): CodeIgniter\View\View->CodeIgniter\View\{closure}()
 3 SYSTEMPATH\Common.php(1137): CodeIgniter\View\View->render('tampilbaner', [], true)
 4 APPPATH\Controllers\Home.php(60): view('tampilbaner', [...])
 5 SYSTEMPATH\CodeIgniter.php(904): App\Controllers\Home->tampilBaner()
 6 SYSTEMPATH\CodeIgniter.php(457): CodeIgniter\CodeIgniter->runController(Object(App\Controllers\Home))
 7 SYSTEMPATH\CodeIgniter.php(340): CodeIgniter\CodeIgniter->handleRequest(null, Object(Config\Cache), false)
 8 FCPATH\index.php(67): CodeIgniter\CodeIgniter->run()
CRITICAL - 2022-08-24 02:32:15 --> Undefined variable: perunama
in APPPATH\Views\layout.php on line 5.
 1 APPPATH\Views\layout.php(5): CodeIgniter\Debug\Exceptions->errorHandler(8, 'Undefined variable: perunama', 'APPPATH\\Views\\layout.php', 5, [])
 2 SYSTEMPATH\View\View.php(213): include('APPPATH\\Views\\layout.php')
 3 SYSTEMPATH\View\View.php(216): CodeIgniter\View\View->CodeIgniter\View\{closure}()
 4 SYSTEMPATH\View\View.php(229): CodeIgniter\View\View->render('layout', [], true)
 5 SYSTEMPATH\Common.php(1137): CodeIgniter\View\View->render('katalog', [], true)
 6 APPPATH\Controllers\Home.php(72): view('katalog')
 7 SYSTEMPATH\CodeIgniter.php(904): App\Controllers\Home->katalog()
 8 SYSTEMPATH\CodeIgniter.php(457): CodeIgniter\CodeIgniter->runController(Object(App\Controllers\Home))
 9 SYSTEMPATH\CodeIgniter.php(340): CodeIgniter\CodeIgniter->handleRequest(null, Object(Config\Cache), false)
10 FCPATH\index.php(67): CodeIgniter\CodeIgniter->run()
CRITICAL - 2022-08-24 02:34:18 --> Undefined variable: perunama
in APPPATH\Views\layout.php on line 5.
 1 APPPATH\Views\layout.php(5): CodeIgniter\Debug\Exceptions->errorHandler(8, 'Undefined variable: perunama', 'APPPATH\\Views\\layout.php', 5, [])
 2 SYSTEMPATH\View\View.php(213): include('APPPATH\\Views\\layout.php')
 3 SYSTEMPATH\View\View.php(216): CodeIgniter\View\View->CodeIgniter\View\{closure}()
 4 SYSTEMPATH\View\View.php(229): CodeIgniter\View\View->render('layout', [], true)
 5 SYSTEMPATH\Common.php(1137): CodeIgniter\View\View->render('katalog', [], true)
 6 APPPATH\Controllers\Home.php(75): view('katalog')
 7 SYSTEMPATH\CodeIgniter.php(904): App\Controllers\Home->katalog()
 8 SYSTEMPATH\CodeIgniter.php(457): CodeIgniter\CodeIgniter->runController(Object(App\Controllers\Home))
 9 SYSTEMPATH\CodeIgniter.php(340): CodeIgniter\CodeIgniter->handleRequest(null, Object(Config\Cache), false)
10 FCPATH\index.php(67): CodeIgniter\CodeIgniter->run()
CRITICAL - 2022-08-24 02:35:33 --> Undefined variable: perunama
in APPPATH\Views\layout.php on line 5.
 1 APPPATH\Views\layout.php(5): CodeIgniter\Debug\Exceptions->errorHandler(8, 'Undefined variable: perunama', 'APPPATH\\Views\\layout.php', 5, [])
 2 SYSTEMPATH\View\View.php(213): include('APPPATH\\Views\\layout.php')
 3 SYSTEMPATH\View\View.php(216): CodeIgniter\View\View->CodeIgniter\View\{closure}()
 4 SYSTEMPATH\View\View.php(229): CodeIgniter\View\View->render('layout', [], true)
 5 SYSTEMPATH\Common.php(1137): CodeIgniter\View\View->render('katalog', [], true)
 6 APPPATH\Controllers\Home.php(77): view('katalog')
 7 SYSTEMPATH\CodeIgniter.php(904): App\Controllers\Home->katalog()
 8 SYSTEMPATH\CodeIgniter.php(457): CodeIgniter\CodeIgniter->runController(Object(App\Controllers\Home))
 9 SYSTEMPATH\CodeIgniter.php(340): CodeIgniter\CodeIgniter->handleRequest(null, Object(Config\Cache), false)
10 FCPATH\index.php(67): CodeIgniter\CodeIgniter->run()
CRITICAL - 2022-08-24 02:35:45 --> Undefined variable: perunama
in APPPATH\Views\layout.php on line 5.
 1 APPPATH\Views\layout.php(5): CodeIgniter\Debug\Exceptions->errorHandler(8, 'Undefined variable: perunama', 'APPPATH\\Views\\layout.php', 5, [])
 2 SYSTEMPATH\View\View.php(213): include('APPPATH\\Views\\layout.php')
 3 SYSTEMPATH\View\View.php(216): CodeIgniter\View\View->CodeIgniter\View\{closure}()
 4 SYSTEMPATH\View\View.php(229): CodeIgniter\View\View->render('layout', [], true)
 5 SYSTEMPATH\Common.php(1137): CodeIgniter\View\View->render('dashboard', [], true)
 6 APPPATH\Controllers\Home.php(47): view('dashboard')
 7 SYSTEMPATH\CodeIgniter.php(904): App\Controllers\Home->index()
 8 SYSTEMPATH\CodeIgniter.php(457): CodeIgniter\CodeIgniter->runController(Object(App\Controllers\Home))
 9 SYSTEMPATH\CodeIgniter.php(340): CodeIgniter\CodeIgniter->handleRequest(null, Object(Config\Cache), false)
10 FCPATH\index.php(67): CodeIgniter\CodeIgniter->run()
CRITICAL - 2022-08-24 02:36:39 --> Undefined variable: perunama
in APPPATH\Views\layout.php on line 5.
 1 APPPATH\Views\layout.php(5): CodeIgniter\Debug\Exceptions->errorHandler(8, 'Undefined variable: perunama', 'APPPATH\\Views\\layout.php', 5, [])
 2 SYSTEMPATH\View\View.php(213): include('APPPATH\\Views\\layout.php')
 3 SYSTEMPATH\View\View.php(216): CodeIgniter\View\View->CodeIgniter\View\{closure}()
 4 SYSTEMPATH\View\View.php(229): CodeIgniter\View\View->render('layout', [], true)
 5 SYSTEMPATH\Common.php(1137): CodeIgniter\View\View->render('dashboard', [], true)
 6 APPPATH\Controllers\Home.php(47): view('dashboard')
 7 SYSTEMPATH\CodeIgniter.php(904): App\Controllers\Home->index()
 8 SYSTEMPATH\CodeIgniter.php(457): CodeIgniter\CodeIgniter->runController(Object(App\Controllers\Home))
 9 SYSTEMPATH\CodeIgniter.php(340): CodeIgniter\CodeIgniter->handleRequest(null, Object(Config\Cache), false)
10 FCPATH\index.php(67): CodeIgniter\CodeIgniter->run()
CRITICAL - 2022-08-24 02:36:41 --> Undefined variable: perunama
in APPPATH\Views\layout.php on line 5.
 1 APPPATH\Views\layout.php(5): CodeIgniter\Debug\Exceptions->errorHandler(8, 'Undefined variable: perunama', 'APPPATH\\Views\\layout.php', 5, [])
 2 SYSTEMPATH\View\View.php(213): include('APPPATH\\Views\\layout.php')
 3 SYSTEMPATH\View\View.php(216): CodeIgniter\View\View->CodeIgniter\View\{closure}()
 4 SYSTEMPATH\View\View.php(229): CodeIgniter\View\View->render('layout', [], true)
 5 SYSTEMPATH\Common.php(1137): CodeIgniter\View\View->render('dashboard', [], true)
 6 APPPATH\Controllers\Home.php(47): view('dashboard')
 7 SYSTEMPATH\CodeIgniter.php(904): App\Controllers\Home->index()
 8 SYSTEMPATH\CodeIgniter.php(457): CodeIgniter\CodeIgniter->runController(Object(App\Controllers\Home))
 9 SYSTEMPATH\CodeIgniter.php(340): CodeIgniter\CodeIgniter->handleRequest(null, Object(Config\Cache), false)
10 FCPATH\index.php(67): CodeIgniter\CodeIgniter->run()
CRITICAL - 2022-08-24 02:36:41 --> Undefined variable: perunama
in APPPATH\Views\layout.php on line 5.
 1 APPPATH\Views\layout.php(5): CodeIgniter\Debug\Exceptions->errorHandler(8, 'Undefined variable: perunama', 'APPPATH\\Views\\layout.php', 5, [])
 2 SYSTEMPATH\View\View.php(213): include('APPPATH\\Views\\layout.php')
 3 SYSTEMPATH\View\View.php(216): CodeIgniter\View\View->CodeIgniter\View\{closure}()
 4 SYSTEMPATH\View\View.php(229): CodeIgniter\View\View->render('layout', [], true)
 5 SYSTEMPATH\Common.php(1137): CodeIgniter\View\View->render('dashboard', [], true)
 6 APPPATH\Controllers\Home.php(47): view('dashboard')
 7 SYSTEMPATH\CodeIgniter.php(904): App\Controllers\Home->index()
 8 SYSTEMPATH\CodeIgniter.php(457): CodeIgniter\CodeIgniter->runController(Object(App\Controllers\Home))
 9 SYSTEMPATH\CodeIgniter.php(340): CodeIgniter\CodeIgniter->handleRequest(null, Object(Config\Cache), false)
10 FCPATH\index.php(67): CodeIgniter\CodeIgniter->run()
CRITICAL - 2022-08-24 02:38:45 --> Undefined variable: perunama
in APPPATH\Views\layout.php on line 5.
 1 APPPATH\Views\layout.php(5): CodeIgniter\Debug\Exceptions->errorHandler(8, 'Undefined variable: perunama', 'APPPATH\\Views\\layout.php', 5, [])
 2 SYSTEMPATH\View\View.php(213): include('APPPATH\\Views\\layout.php')
 3 SYSTEMPATH\View\View.php(216): CodeIgniter\View\View->CodeIgniter\View\{closure}()
 4 SYSTEMPATH\View\View.php(229): CodeIgniter\View\View->render('layout', [], true)
 5 SYSTEMPATH\Common.php(1137): CodeIgniter\View\View->render('dashboard', [], true)
 6 APPPATH\Controllers\Home.php(47): view('dashboard')
 7 SYSTEMPATH\CodeIgniter.php(904): App\Controllers\Home->index()
 8 SYSTEMPATH\CodeIgniter.php(457): CodeIgniter\CodeIgniter->runController(Object(App\Controllers\Home))
 9 SYSTEMPATH\CodeIgniter.php(340): CodeIgniter\CodeIgniter->handleRequest(null, Object(Config\Cache), false)
10 FCPATH\index.php(67): CodeIgniter\CodeIgniter->run()
CRITICAL - 2022-08-24 02:44:02 --> Undefined variable: perunama
in APPPATH\Views\layout.php on line 5.
 1 APPPATH\Views\layout.php(5): CodeIgniter\Debug\Exceptions->errorHandler(8, 'Undefined variable: perunama', 'APPPATH\\Views\\layout.php', 5, [])
 2 SYSTEMPATH\View\View.php(213): include('APPPATH\\Views\\layout.php')
 3 SYSTEMPATH\View\View.php(216): CodeIgniter\View\View->CodeIgniter\View\{closure}()
 4 SYSTEMPATH\View\View.php(229): CodeIgniter\View\View->render('layout', [], true)
 5 SYSTEMPATH\Common.php(1137): CodeIgniter\View\View->render('dashboard', [], true)
 6 APPPATH\Controllers\Home.php(13): view('dashboard')
 7 SYSTEMPATH\CodeIgniter.php(904): App\Controllers\Home->index()
 8 SYSTEMPATH\CodeIgniter.php(457): CodeIgniter\CodeIgniter->runController(Object(App\Controllers\Home))
 9 SYSTEMPATH\CodeIgniter.php(340): CodeIgniter\CodeIgniter->handleRequest(null, Object(Config\Cache), false)
10 FCPATH\index.php(67): CodeIgniter\CodeIgniter->run()
CRITICAL - 2022-08-24 02:44:18 --> Undefined variable: peruicon
in APPPATH\Views\layout.php on line 10.
 1 APPPATH\Views\layout.php(10): CodeIgniter\Debug\Exceptions->errorHandler(8, 'Undefined variable: peruicon', 'APPPATH\\Views\\layout.php', 10, [])
 2 SYSTEMPATH\View\View.php(213): include('APPPATH\\Views\\layout.php')
 3 SYSTEMPATH\View\View.php(216): CodeIgniter\View\View->CodeIgniter\View\{closure}()
 4 SYSTEMPATH\View\View.php(229): CodeIgniter\View\View->render('layout', [], true)
 5 SYSTEMPATH\Common.php(1137): CodeIgniter\View\View->render('dashboard', [], true)
 6 APPPATH\Controllers\Home.php(13): view('dashboard')
 7 SYSTEMPATH\CodeIgniter.php(904): App\Controllers\Home->index()
 8 SYSTEMPATH\CodeIgniter.php(457): CodeIgniter\CodeIgniter->runController(Object(App\Controllers\Home))
 9 SYSTEMPATH\CodeIgniter.php(340): CodeIgniter\CodeIgniter->handleRequest(null, Object(Config\Cache), false)
10 FCPATH\index.php(67): CodeIgniter\CodeIgniter->run()
CRITICAL - 2022-08-24 02:44:53 --> Undefined variable: perunama
in APPPATH\Views\layout.php on line 55.
 1 APPPATH\Views\layout.php(55): CodeIgniter\Debug\Exceptions->errorHandler(8, 'Undefined variable: perunama', 'APPPATH\\Views\\layout.php', 55, [])
 2 SYSTEMPATH\View\View.php(213): include('APPPATH\\Views\\layout.php')
 3 SYSTEMPATH\View\View.php(216): CodeIgniter\View\View->CodeIgniter\View\{closure}()
 4 SYSTEMPATH\View\View.php(229): CodeIgniter\View\View->render('layout', [], true)
 5 SYSTEMPATH\Common.php(1137): CodeIgniter\View\View->render('dashboard', [], true)
 6 APPPATH\Controllers\Home.php(13): view('dashboard')
 7 SYSTEMPATH\CodeIgniter.php(904): App\Controllers\Home->index()
 8 SYSTEMPATH\CodeIgniter.php(457): CodeIgniter\CodeIgniter->runController(Object(App\Controllers\Home))
 9 SYSTEMPATH\CodeIgniter.php(340): CodeIgniter\CodeIgniter->handleRequest(null, Object(Config\Cache), false)
10 FCPATH\index.php(67): CodeIgniter\CodeIgniter->run()
CRITICAL - 2022-08-24 02:45:45 --> Undefined variable: perunama
in APPPATH\Views\layout.php on line 55.
 1 APPPATH\Views\layout.php(55): CodeIgniter\Debug\Exceptions->errorHandler(8, 'Undefined variable: perunama', 'APPPATH\\Views\\layout.php', 55, [])
 2 SYSTEMPATH\View\View.php(213): include('APPPATH\\Views\\layout.php')
 3 SYSTEMPATH\View\View.php(216): CodeIgniter\View\View->CodeIgniter\View\{closure}()
 4 SYSTEMPATH\View\View.php(229): CodeIgniter\View\View->render('layout', [], true)
 5 SYSTEMPATH\Common.php(1137): CodeIgniter\View\View->render('dashboard', [], true)
 6 APPPATH\Controllers\Home.php(13): view('dashboard')
 7 SYSTEMPATH\CodeIgniter.php(904): App\Controllers\Home->index()
 8 SYSTEMPATH\CodeIgniter.php(457): CodeIgniter\CodeIgniter->runController(Object(App\Controllers\Home))
 9 SYSTEMPATH\CodeIgniter.php(340): CodeIgniter\CodeIgniter->handleRequest(null, Object(Config\Cache), false)
10 FCPATH\index.php(67): CodeIgniter\CodeIgniter->run()
CRITICAL - 2022-08-24 02:45:47 --> Undefined variable: perunama
in APPPATH\Views\layout.php on line 55.
 1 APPPATH\Views\layout.php(55): CodeIgniter\Debug\Exceptions->errorHandler(8, 'Undefined variable: perunama', 'APPPATH\\Views\\layout.php', 55, [])
 2 SYSTEMPATH\View\View.php(213): include('APPPATH\\Views\\layout.php')
 3 SYSTEMPATH\View\View.php(216): CodeIgniter\View\View->CodeIgniter\View\{closure}()
 4 SYSTEMPATH\View\View.php(229): CodeIgniter\View\View->render('layout', [], true)
 5 SYSTEMPATH\Common.php(1137): CodeIgniter\View\View->render('dashboard', [], true)
 6 APPPATH\Controllers\Home.php(13): view('dashboard')
 7 SYSTEMPATH\CodeIgniter.php(904): App\Controllers\Home->index()
 8 SYSTEMPATH\CodeIgniter.php(457): CodeIgniter\CodeIgniter->runController(Object(App\Controllers\Home))
 9 SYSTEMPATH\CodeIgniter.php(340): CodeIgniter\CodeIgniter->handleRequest(null, Object(Config\Cache), false)
10 FCPATH\index.php(67): CodeIgniter\CodeIgniter->run()
CRITICAL - 2022-08-24 02:45:47 --> Undefined variable: perunama
in APPPATH\Views\layout.php on line 55.
 1 APPPATH\Views\layout.php(55): CodeIgniter\Debug\Exceptions->errorHandler(8, 'Undefined variable: perunama', 'APPPATH\\Views\\layout.php', 55, [])
 2 SYSTEMPATH\View\View.php(213): include('APPPATH\\Views\\layout.php')
 3 SYSTEMPATH\View\View.php(216): CodeIgniter\View\View->CodeIgniter\View\{closure}()
 4 SYSTEMPATH\View\View.php(229): CodeIgniter\View\View->render('layout', [], true)
 5 SYSTEMPATH\Common.php(1137): CodeIgniter\View\View->render('dashboard', [], true)
 6 APPPATH\Controllers\Home.php(13): view('dashboard')
 7 SYSTEMPATH\CodeIgniter.php(904): App\Controllers\Home->index()
 8 SYSTEMPATH\CodeIgniter.php(457): CodeIgniter\CodeIgniter->runController(Object(App\Controllers\Home))
 9 SYSTEMPATH\CodeIgniter.php(340): CodeIgniter\CodeIgniter->handleRequest(null, Object(Config\Cache), false)
10 FCPATH\index.php(67): CodeIgniter\CodeIgniter->run()
CRITICAL - 2022-08-24 02:45:47 --> Undefined variable: perunama
in APPPATH\Views\layout.php on line 55.
 1 APPPATH\Views\layout.php(55): CodeIgniter\Debug\Exceptions->errorHandler(8, 'Undefined variable: perunama', 'APPPATH\\Views\\layout.php', 55, [])
 2 SYSTEMPATH\View\View.php(213): include('APPPATH\\Views\\layout.php')
 3 SYSTEMPATH\View\View.php(216): CodeIgniter\View\View->CodeIgniter\View\{closure}()
 4 SYSTEMPATH\View\View.php(229): CodeIgniter\View\View->render('layout', [], true)
 5 SYSTEMPATH\Common.php(1137): CodeIgniter\View\View->render('dashboard', [], true)
 6 APPPATH\Controllers\Home.php(13): view('dashboard')
 7 SYSTEMPATH\CodeIgniter.php(904): App\Controllers\Home->index()
 8 SYSTEMPATH\CodeIgniter.php(457): CodeIgniter\CodeIgniter->runController(Object(App\Controllers\Home))
 9 SYSTEMPATH\CodeIgniter.php(340): CodeIgniter\CodeIgniter->handleRequest(null, Object(Config\Cache), false)
10 FCPATH\index.php(67): CodeIgniter\CodeIgniter->run()
CRITICAL - 2022-08-24 02:45:47 --> Undefined variable: perunama
in APPPATH\Views\layout.php on line 55.
 1 APPPATH\Views\layout.php(55): CodeIgniter\Debug\Exceptions->errorHandler(8, 'Undefined variable: perunama', 'APPPATH\\Views\\layout.php', 55, [])
 2 SYSTEMPATH\View\View.php(213): include('APPPATH\\Views\\layout.php')
 3 SYSTEMPATH\View\View.php(216): CodeIgniter\View\View->CodeIgniter\View\{closure}()
 4 SYSTEMPATH\View\View.php(229): CodeIgniter\View\View->render('layout', [], true)
 5 SYSTEMPATH\Common.php(1137): CodeIgniter\View\View->render('dashboard', [], true)
 6 APPPATH\Controllers\Home.php(13): view('dashboard')
 7 SYSTEMPATH\CodeIgniter.php(904): App\Controllers\Home->index()
 8 SYSTEMPATH\CodeIgniter.php(457): CodeIgniter\CodeIgniter->runController(Object(App\Controllers\Home))
 9 SYSTEMPATH\CodeIgniter.php(340): CodeIgniter\CodeIgniter->handleRequest(null, Object(Config\Cache), false)
10 FCPATH\index.php(67): CodeIgniter\CodeIgniter->run()
CRITICAL - 2022-08-24 02:47:09 --> Undefined variable: perunama
in APPPATH\Views\layout.php on line 5.
 1 APPPATH\Views\layout.php(5): CodeIgniter\Debug\Exceptions->errorHandler(8, 'Undefined variable: perunama', 'APPPATH\\Views\\layout.php', 5, [])
 2 SYSTEMPATH\View\View.php(213): include('APPPATH\\Views\\layout.php')
 3 SYSTEMPATH\View\View.php(216): CodeIgniter\View\View->CodeIgniter\View\{closure}()
 4 SYSTEMPATH\View\View.php(229): CodeIgniter\View\View->render('layout', [], true)
 5 SYSTEMPATH\Common.php(1137): CodeIgniter\View\View->render('dashboard', [], true)
 6 APPPATH\Controllers\Home.php(13): view('dashboard')
 7 SYSTEMPATH\CodeIgniter.php(904): App\Controllers\Home->index()
 8 SYSTEMPATH\CodeIgniter.php(457): CodeIgniter\CodeIgniter->runController(Object(App\Controllers\Home))
 9 SYSTEMPATH\CodeIgniter.php(340): CodeIgniter\CodeIgniter->handleRequest(null, Object(Config\Cache), false)
10 FCPATH\index.php(67): CodeIgniter\CodeIgniter->run()
CRITICAL - 2022-08-24 03:40:39 --> Undefined variable: perualamatlink
in APPPATH\Views\layout.php on line 111.
 1 APPPATH\Views\layout.php(111): CodeIgniter\Debug\Exceptions->errorHandler(8, 'Undefined variable: perualamatlink', 'APPPATH\\Views\\layout.php', 111, [...])
 2 SYSTEMPATH\View\View.php(213): include('APPPATH\\Views\\layout.php')
 3 SYSTEMPATH\View\View.php(216): CodeIgniter\View\View->CodeIgniter\View\{closure}()
 4 SYSTEMPATH\View\View.php(229): CodeIgniter\View\View->render('layout', [], true)
 5 SYSTEMPATH\Common.php(1137): CodeIgniter\View\View->render('katalog', [], true)
 6 APPPATH\Controllers\Home.php(102): view('katalog', [...])
 7 SYSTEMPATH\CodeIgniter.php(904): App\Controllers\Home->katalog()
 8 SYSTEMPATH\CodeIgniter.php(457): CodeIgniter\CodeIgniter->runController(Object(App\Controllers\Home))
 9 SYSTEMPATH\CodeIgniter.php(340): CodeIgniter\CodeIgniter->handleRequest(null, Object(Config\Cache), false)
10 FCPATH\index.php(67): CodeIgniter\CodeIgniter->run()
CRITICAL - 2022-08-24 04:36:32 --> number_format() expects parameter 1 to be float, string given
in APPPATH\Views\katalogtampil.php on line 36.
 1 [internal function]: CodeIgniter\Debug\Exceptions->errorHandler(2, 'number_format() expects parameter 1 to be float, string given', 'APPPATH\\Views\\katalogtampil.php', 36, [...])
 2 APPPATH\Views\katalogtampil.php(36): number_format('Viral Graver Credenza', 0, 'ROOTPATH\\public', ',')
 3 SYSTEMPATH\View\View.php(213): include('APPPATH\\Views\\katalogtampil.php')
 4 SYSTEMPATH\View\View.php(216): CodeIgniter\View\View->CodeIgniter\View\{closure}()
 5 SYSTEMPATH\Common.php(1137): CodeIgniter\View\View->render('katalogtampil', [], true)
 6 APPPATH\Controllers\Home.php(123): view('katalogtampil', [...])
 7 SYSTEMPATH\CodeIgniter.php(904): App\Controllers\Home->katalogTampil()
 8 SYSTEMPATH\CodeIgniter.php(457): CodeIgniter\CodeIgniter->runController(Object(App\Controllers\Home))
 9 SYSTEMPATH\CodeIgniter.php(340): CodeIgniter\CodeIgniter->handleRequest(null, Object(Config\Cache), false)
10 FCPATH\index.php(67): CodeIgniter\CodeIgniter->run()
CRITICAL - 2022-08-24 04:37:26 --> number_format() expects parameter 1 to be float, string given
in APPPATH\Views\katalogtampil.php on line 36.
 1 [internal function]: CodeIgniter\Debug\Exceptions->errorHandler(2, 'number_format() expects parameter 1 to be float, string given', 'APPPATH\\Views\\katalogtampil.php', 36, [...])
 2 APPPATH\Views\katalogtampil.php(36): number_format('Viral Graver Credenza', 0, 'ROOTPATH\\public', ',')
 3 SYSTEMPATH\View\View.php(213): include('APPPATH\\Views\\katalogtampil.php')
 4 SYSTEMPATH\View\View.php(216): CodeIgniter\View\View->CodeIgniter\View\{closure}()
 5 SYSTEMPATH\Common.php(1137): CodeIgniter\View\View->render('katalogtampil', [], true)
 6 APPPATH\Controllers\Home.php(123): view('katalogtampil', [...])
 7 SYSTEMPATH\CodeIgniter.php(904): App\Controllers\Home->katalogTampil()
 8 SYSTEMPATH\CodeIgniter.php(457): CodeIgniter\CodeIgniter->runController(Object(App\Controllers\Home))
 9 SYSTEMPATH\CodeIgniter.php(340): CodeIgniter\CodeIgniter->handleRequest(null, Object(Config\Cache), false)
10 FCPATH\index.php(67): CodeIgniter\CodeIgniter->run()
CRITICAL - 2022-08-24 04:39:46 --> number_format() expects parameter 1 to be float, string given
in APPPATH\Views\katalogtampil.php on line 36.
 1 [internal function]: CodeIgniter\Debug\Exceptions->errorHandler(2, 'number_format() expects parameter 1 to be float, string given', 'APPPATH\\Views\\katalogtampil.php', 36, [...])
 2 APPPATH\Views\katalogtampil.php(36): number_format('Viral Graver Credenza', 0, 'ROOTPATH\\public', ',')
 3 SYSTEMPATH\View\View.php(213): include('APPPATH\\Views\\katalogtampil.php')
 4 SYSTEMPATH\View\View.php(216): CodeIgniter\View\View->CodeIgniter\View\{closure}()
 5 SYSTEMPATH\Common.php(1137): CodeIgniter\View\View->render('katalogtampil', [], true)
 6 APPPATH\Controllers\Home.php(123): view('katalogtampil', [...])
 7 SYSTEMPATH\CodeIgniter.php(904): App\Controllers\Home->katalogTampil()
 8 SYSTEMPATH\CodeIgniter.php(457): CodeIgniter\CodeIgniter->runController(Object(App\Controllers\Home))
 9 SYSTEMPATH\CodeIgniter.php(340): CodeIgniter\CodeIgniter->handleRequest(null, Object(Config\Cache), false)
10 FCPATH\index.php(67): CodeIgniter\CodeIgniter->run()
CRITICAL - 2022-08-24 04:41:03 --> number_format() expects parameter 1 to be float, string given
in APPPATH\Views\katalogtampil.php on line 36.
 1 [internal function]: CodeIgniter\Debug\Exceptions->errorHandler(2, 'number_format() expects parameter 1 to be float, string given', 'APPPATH\\Views\\katalogtampil.php', 36, [...])
 2 APPPATH\Views\katalogtampil.php(36): number_format('Viral Graver Credenza', 0, 'ROOTPATH\\public', ',')
 3 SYSTEMPATH\View\View.php(213): include('APPPATH\\Views\\katalogtampil.php')
 4 SYSTEMPATH\View\View.php(216): CodeIgniter\View\View->CodeIgniter\View\{closure}()
 5 SYSTEMPATH\Common.php(1137): CodeIgniter\View\View->render('katalogtampil', [], true)
 6 APPPATH\Controllers\Home.php(123): view('katalogtampil', [...])
 7 SYSTEMPATH\CodeIgniter.php(904): App\Controllers\Home->katalogTampil()
 8 SYSTEMPATH\CodeIgniter.php(457): CodeIgniter\CodeIgniter->runController(Object(App\Controllers\Home))
 9 SYSTEMPATH\CodeIgniter.php(340): CodeIgniter\CodeIgniter->handleRequest(null, Object(Config\Cache), false)
10 FCPATH\index.php(67): CodeIgniter\CodeIgniter->run()
CRITICAL - 2022-08-24 04:41:15 --> number_format() expects parameter 1 to be float, string given
in APPPATH\Views\katalogtampil.php on line 36.
 1 [internal function]: CodeIgniter\Debug\Exceptions->errorHandler(2, 'number_format() expects parameter 1 to be float, string given', 'APPPATH\\Views\\katalogtampil.php', 36, [...])
 2 APPPATH\Views\katalogtampil.php(36): number_format('Viral Graver Credenza', 0, 'ROOTPATH\\public', ',')
 3 SYSTEMPATH\View\View.php(213): include('APPPATH\\Views\\katalogtampil.php')
 4 SYSTEMPATH\View\View.php(216): CodeIgniter\View\View->CodeIgniter\View\{closure}()
 5 SYSTEMPATH\Common.php(1137): CodeIgniter\View\View->render('katalogtampil', [], true)
 6 APPPATH\Controllers\Home.php(123): view('katalogtampil', [...])
 7 SYSTEMPATH\CodeIgniter.php(904): App\Controllers\Home->katalogTampil()
 8 SYSTEMPATH\CodeIgniter.php(457): CodeIgniter\CodeIgniter->runController(Object(App\Controllers\Home))
 9 SYSTEMPATH\CodeIgniter.php(340): CodeIgniter\CodeIgniter->handleRequest(null, Object(Config\Cache), false)
10 FCPATH\index.php(67): CodeIgniter\CodeIgniter->run()
CRITICAL - 2022-08-24 05:27:56 --> Undefined variable: tampilkatalog
in APPPATH\Views\katalogtampil.php on line 1.
 1 APPPATH\Views\katalogtampil.php(1): CodeIgniter\Debug\Exceptions->errorHandler(8, 'Undefined variable: tampilkatalog', 'APPPATH\\Views\\katalogtampil.php', 1, [...])
 2 SYSTEMPATH\View\View.php(213): include('APPPATH\\Views\\katalogtampil.php')
 3 SYSTEMPATH\View\View.php(216): CodeIgniter\View\View->CodeIgniter\View\{closure}()
 4 SYSTEMPATH\Common.php(1137): CodeIgniter\View\View->render('katalogtampil', [], true)
 5 APPPATH\Controllers\Home.php(119): view('katalogtampil', [...])
 6 SYSTEMPATH\CodeIgniter.php(904): App\Controllers\Home->katalogTampil()
 7 SYSTEMPATH\CodeIgniter.php(457): CodeIgniter\CodeIgniter->runController(Object(App\Controllers\Home))
 8 SYSTEMPATH\CodeIgniter.php(340): CodeIgniter\CodeIgniter->handleRequest(null, Object(Config\Cache), false)
 9 FCPATH\index.php(67): CodeIgniter\CodeIgniter->run()
CRITICAL - 2022-08-24 05:28:00 --> Undefined variable: tampilkatalog
in APPPATH\Views\katalogtampil.php on line 1.
 1 APPPATH\Views\katalogtampil.php(1): CodeIgniter\Debug\Exceptions->errorHandler(8, 'Undefined variable: tampilkatalog', 'APPPATH\\Views\\katalogtampil.php', 1, [...])
 2 SYSTEMPATH\View\View.php(213): include('APPPATH\\Views\\katalogtampil.php')
 3 SYSTEMPATH\View\View.php(216): CodeIgniter\View\View->CodeIgniter\View\{closure}()
 4 SYSTEMPATH\Common.php(1137): CodeIgniter\View\View->render('katalogtampil', [], true)
 5 APPPATH\Controllers\Home.php(119): view('katalogtampil', [...])
 6 SYSTEMPATH\CodeIgniter.php(904): App\Controllers\Home->katalogTampil()
 7 SYSTEMPATH\CodeIgniter.php(457): CodeIgniter\CodeIgniter->runController(Object(App\Controllers\Home))
 8 SYSTEMPATH\CodeIgniter.php(340): CodeIgniter\CodeIgniter->handleRequest(null, Object(Config\Cache), false)
 9 FCPATH\index.php(67): CodeIgniter\CodeIgniter->run()
CRITICAL - 2022-08-24 05:31:45 --> Cannot use object of type stdClass as array
in APPPATH\Views\katalogtampil.php on line 6.
 1 SYSTEMPATH\View\View.php(213): include()
 2 SYSTEMPATH\View\View.php(216): CodeIgniter\View\View->CodeIgniter\View\{closure}()
 3 SYSTEMPATH\Common.php(1137): CodeIgniter\View\View->render('katalogtampil', [], true)
 4 APPPATH\Controllers\Home.php(119): view('katalogtampil', [...])
 5 SYSTEMPATH\CodeIgniter.php(904): App\Controllers\Home->katalogTampil()
 6 SYSTEMPATH\CodeIgniter.php(457): CodeIgniter\CodeIgniter->runController(Object(App\Controllers\Home))
 7 SYSTEMPATH\CodeIgniter.php(340): CodeIgniter\CodeIgniter->handleRequest(null, Object(Config\Cache), false)
 8 FCPATH\index.php(67): CodeIgniter\CodeIgniter->run()
CRITICAL - 2022-08-24 05:33:10 --> Cannot use object of type stdClass as array
in APPPATH\Views\katalogtampil.php on line 6.
 1 SYSTEMPATH\View\View.php(213): include()
 2 SYSTEMPATH\View\View.php(216): CodeIgniter\View\View->CodeIgniter\View\{closure}()
 3 SYSTEMPATH\Common.php(1137): CodeIgniter\View\View->render('katalogtampil', [], true)
 4 APPPATH\Controllers\Home.php(124): view('katalogtampil', [...])
 5 SYSTEMPATH\CodeIgniter.php(904): App\Controllers\Home->katalogTampil()
 6 SYSTEMPATH\CodeIgniter.php(457): CodeIgniter\CodeIgniter->runController(Object(App\Controllers\Home))
 7 SYSTEMPATH\CodeIgniter.php(340): CodeIgniter\CodeIgniter->handleRequest(null, Object(Config\Cache), false)
 8 FCPATH\index.php(67): CodeIgniter\CodeIgniter->run()
