CRITICAL - 2022-09-08 01:32:17 --> syntax error, unexpected 'public' (T_PUBLIC), expecting end of file
in APPPATH\Controllers\Home.php on line 558.
 1 SYSTEMPATH\Autoloader\Autoloader.php(259): CodeIgniter\Autoloader\Autoloader->includeFile('APPPATH\\Controllers\\Home.php')
 2 SYSTEMPATH\Autoloader\Autoloader.php(237): CodeIgniter\Autoloader\Autoloader->loadInNamespace('App\\Controllers\\Home')
 3 [internal function]: CodeIgniter\Autoloader\Autoloader->loadClass('App\\Controllers\\Home')
 4 [internal function]: spl_autoload_call('App\\Controllers\\Home')
 5 SYSTEMPATH\CodeIgniter.php(854): class_exists('\\App\\Controllers\\Home', true)
 6 SYSTEMPATH\CodeIgniter.php(444): CodeIgniter\CodeIgniter->startController()
 7 SYSTEMPATH\CodeIgniter.php(340): CodeIgniter\CodeIgniter->handleRequest(null, Object(Config\Cache), false)
 8 FCPATH\index.php(67): CodeIgniter\CodeIgniter->run()
ERROR - 2022-09-08 01:33:37 --> mysqli_sql_exception: Duplicate entry 'sutino@gmail.com' for key 'PRIMARY' in C:\xampp\htdocs\toko-online\system\Database\MySQLi\Connection.php:292
Stack trace:
#0 C:\xampp\htdocs\toko-online\system\Database\MySQLi\Connection.php(292): mysqli->query('INSERT INTO `us...', 0)
#1 C:\xampp\htdocs\toko-online\system\Database\BaseConnection.php(693): CodeIgniter\Database\MySQLi\Connection->execute('INSERT INTO `us...')
#2 C:\xampp\htdocs\toko-online\system\Database\BaseConnection.php(620): CodeIgniter\Database\BaseConnection->simpleQuery('INSERT INTO `us...')
#3 C:\xampp\htdocs\toko-online\system\Database\BaseBuilder.php(1916): CodeIgniter\Database\BaseConnection->query('INSERT INTO `us...', Array, false)
#4 C:\xampp\htdocs\toko-online\system\Model.php(278): CodeIgniter\Database\BaseBuilder->insert()
#5 C:\xampp\htdocs\toko-online\system\BaseModel.php(738): CodeIgniter\Model->doInsert(Array)
#6 C:\xampp\htdocs\toko-online\system\Model.php(666): CodeIgniter\BaseModel->insert(Array, true)
#7 C:\xampp\htdocs\toko-online\app\Controllers\Home.php(542): CodeIgniter\Model->insert(Array)
#8 C:\xampp\htdocs\toko-online\system\CodeIgniter.php(904): App\Controllers\Home->daftar()
#9 C:\xampp\htdocs\toko-online\system\CodeIgniter.php(457): CodeIgniter\CodeIgniter->runController(Object(App\Controllers\Home))
#10 C:\xampp\htdocs\toko-online\system\CodeIgniter.php(340): CodeIgniter\CodeIgniter->handleRequest(NULL, Object(Config\Cache), false)
#11 C:\xampp\htdocs\toko-online\public\index.php(67): CodeIgniter\CodeIgniter->run()
#12 {main}
CRITICAL - 2022-09-08 01:33:37 --> Duplicate entry 'sutino@gmail.com' for key 'PRIMARY'
in SYSTEMPATH\Database\MySQLi\Connection.php on line 292.
 1 SYSTEMPATH\Database\MySQLi\Connection.php(292): mysqli->query('INSERT INTO `uservalidasi` (`userid`, `usernama`, `userpassword`, `userstatus`) VALUES (\'sutino@gmail.com\', \'Sutino aja\', \'$2y$10$radSDX8xojzQNyeJJGCE9u3KLsEM8XxBVeHSX0cFaaFsxNXz5A7aG\', \'Progress\')', 0)
 2 SYSTEMPATH\Database\BaseConnection.php(693): CodeIgniter\Database\MySQLi\Connection->execute('INSERT INTO `uservalidasi` (`userid`, `usernama`, `userpassword`, `userstatus`) VALUES (\'sutino@gmail.com\', \'Sutino aja\', \'$2y$10$radSDX8xojzQNyeJJGCE9u3KLsEM8XxBVeHSX0cFaaFsxNXz5A7aG\', \'Progress\')')
 3 SYSTEMPATH\Database\BaseConnection.php(620): CodeIgniter\Database\BaseConnection->simpleQuery('INSERT INTO `uservalidasi` (`userid`, `usernama`, `userpassword`, `userstatus`) VALUES (\'sutino@gmail.com\', \'Sutino aja\', \'$2y$10$radSDX8xojzQNyeJJGCE9u3KLsEM8XxBVeHSX0cFaaFsxNXz5A7aG\', \'Progress\')')
 4 SYSTEMPATH\Database\BaseBuilder.php(1916): CodeIgniter\Database\BaseConnection->query('INSERT INTO `uservalidasi` (`userid`, `usernama`, `userpassword`, `userstatus`) VALUES (:userid:, :usernama:, :userpassword:, :userstatus:)', [...], false)
 5 SYSTEMPATH\Model.php(278): CodeIgniter\Database\BaseBuilder->insert()
 6 SYSTEMPATH\BaseModel.php(738): CodeIgniter\Model->doInsert([...])
 7 SYSTEMPATH\Model.php(666): CodeIgniter\BaseModel->insert([...], true)
 8 APPPATH\Controllers\Home.php(542): CodeIgniter\Model->insert([...])
 9 SYSTEMPATH\CodeIgniter.php(904): App\Controllers\Home->daftar()
10 SYSTEMPATH\CodeIgniter.php(457): CodeIgniter\CodeIgniter->runController(Object(App\Controllers\Home))
11 SYSTEMPATH\CodeIgniter.php(340): CodeIgniter\CodeIgniter->handleRequest(null, Object(Config\Cache), false)
12 FCPATH\index.php(67): CodeIgniter\CodeIgniter->run()
ERROR - 2022-09-08 01:36:44 --> mysqli_sql_exception: Duplicate entry 'sutino@gmail.com' for key 'PRIMARY' in C:\xampp\htdocs\toko-online\system\Database\MySQLi\Connection.php:292
Stack trace:
#0 C:\xampp\htdocs\toko-online\system\Database\MySQLi\Connection.php(292): mysqli->query('INSERT INTO `us...', 0)
#1 C:\xampp\htdocs\toko-online\system\Database\BaseConnection.php(693): CodeIgniter\Database\MySQLi\Connection->execute('INSERT INTO `us...')
#2 C:\xampp\htdocs\toko-online\system\Database\BaseConnection.php(620): CodeIgniter\Database\BaseConnection->simpleQuery('INSERT INTO `us...')
#3 C:\xampp\htdocs\toko-online\system\Database\BaseBuilder.php(1916): CodeIgniter\Database\BaseConnection->query('INSERT INTO `us...', Array, false)
#4 C:\xampp\htdocs\toko-online\system\Model.php(278): CodeIgniter\Database\BaseBuilder->insert()
#5 C:\xampp\htdocs\toko-online\system\BaseModel.php(738): CodeIgniter\Model->doInsert(Array)
#6 C:\xampp\htdocs\toko-online\system\Model.php(666): CodeIgniter\BaseModel->insert(Array, true)
#7 C:\xampp\htdocs\toko-online\app\Controllers\Home.php(542): CodeIgniter\Model->insert(Array)
#8 C:\xampp\htdocs\toko-online\system\CodeIgniter.php(904): App\Controllers\Home->daftar()
#9 C:\xampp\htdocs\toko-online\system\CodeIgniter.php(457): CodeIgniter\CodeIgniter->runController(Object(App\Controllers\Home))
#10 C:\xampp\htdocs\toko-online\system\CodeIgniter.php(340): CodeIgniter\CodeIgniter->handleRequest(NULL, Object(Config\Cache), false)
#11 C:\xampp\htdocs\toko-online\public\index.php(67): CodeIgniter\CodeIgniter->run()
#12 {main}
CRITICAL - 2022-09-08 01:36:44 --> Duplicate entry 'sutino@gmail.com' for key 'PRIMARY'
in SYSTEMPATH\Database\MySQLi\Connection.php on line 292.
 1 SYSTEMPATH\Database\MySQLi\Connection.php(292): mysqli->query('INSERT INTO `uservalidasi` (`userid`, `usernama`, `userpassword`, `userlevel`, `userstatus`) VALUES (\'sutino@gmail.com\', \'Sutino aja\', \'$2y$10$AEoHdfKziswVjq51U1XyhOO5JCBHguVYgUgv6zoXsKCICdIfJ2g.K\', \'2\', \'Progress\')', 0)
 2 SYSTEMPATH\Database\BaseConnection.php(693): CodeIgniter\Database\MySQLi\Connection->execute('INSERT INTO `uservalidasi` (`userid`, `usernama`, `userpassword`, `userlevel`, `userstatus`) VALUES (\'sutino@gmail.com\', \'Sutino aja\', \'$2y$10$AEoHdfKziswVjq51U1XyhOO5JCBHguVYgUgv6zoXsKCICdIfJ2g.K\', \'2\', \'Progress\')')
 3 SYSTEMPATH\Database\BaseConnection.php(620): CodeIgniter\Database\BaseConnection->simpleQuery('INSERT INTO `uservalidasi` (`userid`, `usernama`, `userpassword`, `userlevel`, `userstatus`) VALUES (\'sutino@gmail.com\', \'Sutino aja\', \'$2y$10$AEoHdfKziswVjq51U1XyhOO5JCBHguVYgUgv6zoXsKCICdIfJ2g.K\', \'2\', \'Progress\')')
 4 SYSTEMPATH\Database\BaseBuilder.php(1916): CodeIgniter\Database\BaseConnection->query('INSERT INTO `uservalidasi` (`userid`, `usernama`, `userpassword`, `userlevel`, `userstatus`) VALUES (:userid:, :usernama:, :userpassword:, :userlevel:, :userstatus:)', [...], false)
 5 SYSTEMPATH\Model.php(278): CodeIgniter\Database\BaseBuilder->insert()
 6 SYSTEMPATH\BaseModel.php(738): CodeIgniter\Model->doInsert([...])
 7 SYSTEMPATH\Model.php(666): CodeIgniter\BaseModel->insert([...], true)
 8 APPPATH\Controllers\Home.php(542): CodeIgniter\Model->insert([...])
 9 SYSTEMPATH\CodeIgniter.php(904): App\Controllers\Home->daftar()
10 SYSTEMPATH\CodeIgniter.php(457): CodeIgniter\CodeIgniter->runController(Object(App\Controllers\Home))
11 SYSTEMPATH\CodeIgniter.php(340): CodeIgniter\CodeIgniter->handleRequest(null, Object(Config\Cache), false)
12 FCPATH\index.php(67): CodeIgniter\CodeIgniter->run()
ERROR - 2022-09-08 01:39:28 --> mysqli_sql_exception: Duplicate entry 'sutino@gmail.com' for key 'PRIMARY' in C:\xampp\htdocs\toko-online\system\Database\MySQLi\Connection.php:292
Stack trace:
#0 C:\xampp\htdocs\toko-online\system\Database\MySQLi\Connection.php(292): mysqli->query('INSERT INTO `us...', 0)
#1 C:\xampp\htdocs\toko-online\system\Database\BaseConnection.php(693): CodeIgniter\Database\MySQLi\Connection->execute('INSERT INTO `us...')
#2 C:\xampp\htdocs\toko-online\system\Database\BaseConnection.php(620): CodeIgniter\Database\BaseConnection->simpleQuery('INSERT INTO `us...')
#3 C:\xampp\htdocs\toko-online\system\Database\BaseBuilder.php(1916): CodeIgniter\Database\BaseConnection->query('INSERT INTO `us...', Array, false)
#4 C:\xampp\htdocs\toko-online\system\Model.php(278): CodeIgniter\Database\BaseBuilder->insert()
#5 C:\xampp\htdocs\toko-online\system\BaseModel.php(738): CodeIgniter\Model->doInsert(Array)
#6 C:\xampp\htdocs\toko-online\system\Model.php(666): CodeIgniter\BaseModel->insert(Array, true)
#7 C:\xampp\htdocs\toko-online\app\Controllers\Home.php(542): CodeIgniter\Model->insert(Array)
#8 C:\xampp\htdocs\toko-online\system\CodeIgniter.php(904): App\Controllers\Home->daftarUser()
#9 C:\xampp\htdocs\toko-online\system\CodeIgniter.php(457): CodeIgniter\CodeIgniter->runController(Object(App\Controllers\Home))
#10 C:\xampp\htdocs\toko-online\system\CodeIgniter.php(340): CodeIgniter\CodeIgniter->handleRequest(NULL, Object(Config\Cache), false)
#11 C:\xampp\htdocs\toko-online\public\index.php(67): CodeIgniter\CodeIgniter->run()
#12 {main}
CRITICAL - 2022-09-08 01:39:28 --> Duplicate entry 'sutino@gmail.com' for key 'PRIMARY'
in SYSTEMPATH\Database\MySQLi\Connection.php on line 292.
 1 SYSTEMPATH\Database\MySQLi\Connection.php(292): mysqli->query('INSERT INTO `uservalidasi` (`userid`, `usernama`, `userpassword`, `userlevel`, `userstatus`) VALUES (\'sutino@gmail.com\', \'Sutino aja\', \'$2y$10$pmS7l0etcFc5P.ENcXvCCe.ynY4rqOPSMagFJjwFmb2TycdeGvOeC\', \'2\', \'Progress\')', 0)
 2 SYSTEMPATH\Database\BaseConnection.php(693): CodeIgniter\Database\MySQLi\Connection->execute('INSERT INTO `uservalidasi` (`userid`, `usernama`, `userpassword`, `userlevel`, `userstatus`) VALUES (\'sutino@gmail.com\', \'Sutino aja\', \'$2y$10$pmS7l0etcFc5P.ENcXvCCe.ynY4rqOPSMagFJjwFmb2TycdeGvOeC\', \'2\', \'Progress\')')
 3 SYSTEMPATH\Database\BaseConnection.php(620): CodeIgniter\Database\BaseConnection->simpleQuery('INSERT INTO `uservalidasi` (`userid`, `usernama`, `userpassword`, `userlevel`, `userstatus`) VALUES (\'sutino@gmail.com\', \'Sutino aja\', \'$2y$10$pmS7l0etcFc5P.ENcXvCCe.ynY4rqOPSMagFJjwFmb2TycdeGvOeC\', \'2\', \'Progress\')')
 4 SYSTEMPATH\Database\BaseBuilder.php(1916): CodeIgniter\Database\BaseConnection->query('INSERT INTO `uservalidasi` (`userid`, `usernama`, `userpassword`, `userlevel`, `userstatus`) VALUES (:userid:, :usernama:, :userpassword:, :userlevel:, :userstatus:)', [...], false)
 5 SYSTEMPATH\Model.php(278): CodeIgniter\Database\BaseBuilder->insert()
 6 SYSTEMPATH\BaseModel.php(738): CodeIgniter\Model->doInsert([...])
 7 SYSTEMPATH\Model.php(666): CodeIgniter\BaseModel->insert([...], true)
 8 APPPATH\Controllers\Home.php(542): CodeIgniter\Model->insert([...])
 9 SYSTEMPATH\CodeIgniter.php(904): App\Controllers\Home->daftarUser()
10 SYSTEMPATH\CodeIgniter.php(457): CodeIgniter\CodeIgniter->runController(Object(App\Controllers\Home))
11 SYSTEMPATH\CodeIgniter.php(340): CodeIgniter\CodeIgniter->handleRequest(null, Object(Config\Cache), false)
12 FCPATH\index.php(67): CodeIgniter\CodeIgniter->run()
ERROR - 2022-09-08 01:39:28 --> mysqli_sql_exception: Duplicate entry 'sutino@gmail.com' for key 'PRIMARY' in C:\xampp\htdocs\toko-online\system\Database\MySQLi\Connection.php:292
Stack trace:
#0 C:\xampp\htdocs\toko-online\system\Database\MySQLi\Connection.php(292): mysqli->query('INSERT INTO `us...', 0)
#1 C:\xampp\htdocs\toko-online\system\Database\BaseConnection.php(693): CodeIgniter\Database\MySQLi\Connection->execute('INSERT INTO `us...')
#2 C:\xampp\htdocs\toko-online\system\Database\BaseConnection.php(620): CodeIgniter\Database\BaseConnection->simpleQuery('INSERT INTO `us...')
#3 C:\xampp\htdocs\toko-online\system\Database\BaseBuilder.php(1916): CodeIgniter\Database\BaseConnection->query('INSERT INTO `us...', Array, false)
#4 C:\xampp\htdocs\toko-online\system\Model.php(278): CodeIgniter\Database\BaseBuilder->insert()
#5 C:\xampp\htdocs\toko-online\system\BaseModel.php(738): CodeIgniter\Model->doInsert(Array)
#6 C:\xampp\htdocs\toko-online\system\Model.php(666): CodeIgniter\BaseModel->insert(Array, true)
#7 C:\xampp\htdocs\toko-online\app\Controllers\Home.php(542): CodeIgniter\Model->insert(Array)
#8 C:\xampp\htdocs\toko-online\system\CodeIgniter.php(904): App\Controllers\Home->daftarUser()
#9 C:\xampp\htdocs\toko-online\system\CodeIgniter.php(457): CodeIgniter\CodeIgniter->runController(Object(App\Controllers\Home))
#10 C:\xampp\htdocs\toko-online\system\CodeIgniter.php(340): CodeIgniter\CodeIgniter->handleRequest(NULL, Object(Config\Cache), false)
#11 C:\xampp\htdocs\toko-online\public\index.php(67): CodeIgniter\CodeIgniter->run()
#12 {main}
CRITICAL - 2022-09-08 01:39:28 --> Duplicate entry 'sutino@gmail.com' for key 'PRIMARY'
in SYSTEMPATH\Database\MySQLi\Connection.php on line 292.
 1 SYSTEMPATH\Database\MySQLi\Connection.php(292): mysqli->query('INSERT INTO `uservalidasi` (`userid`, `usernama`, `userpassword`, `userlevel`, `userstatus`) VALUES (\'sutino@gmail.com\', \'Sutino aja\', \'$2y$10$Kfv9wo7CV9aP9saZCKcj8.z0lo52Zm7fOEmxhDmtevKcjJ3n8o9xa\', \'2\', \'Progress\')', 0)
 2 SYSTEMPATH\Database\BaseConnection.php(693): CodeIgniter\Database\MySQLi\Connection->execute('INSERT INTO `uservalidasi` (`userid`, `usernama`, `userpassword`, `userlevel`, `userstatus`) VALUES (\'sutino@gmail.com\', \'Sutino aja\', \'$2y$10$Kfv9wo7CV9aP9saZCKcj8.z0lo52Zm7fOEmxhDmtevKcjJ3n8o9xa\', \'2\', \'Progress\')')
 3 SYSTEMPATH\Database\BaseConnection.php(620): CodeIgniter\Database\BaseConnection->simpleQuery('INSERT INTO `uservalidasi` (`userid`, `usernama`, `userpassword`, `userlevel`, `userstatus`) VALUES (\'sutino@gmail.com\', \'Sutino aja\', \'$2y$10$Kfv9wo7CV9aP9saZCKcj8.z0lo52Zm7fOEmxhDmtevKcjJ3n8o9xa\', \'2\', \'Progress\')')
 4 SYSTEMPATH\Database\BaseBuilder.php(1916): CodeIgniter\Database\BaseConnection->query('INSERT INTO `uservalidasi` (`userid`, `usernama`, `userpassword`, `userlevel`, `userstatus`) VALUES (:userid:, :usernama:, :userpassword:, :userlevel:, :userstatus:)', [...], false)
 5 SYSTEMPATH\Model.php(278): CodeIgniter\Database\BaseBuilder->insert()
 6 SYSTEMPATH\BaseModel.php(738): CodeIgniter\Model->doInsert([...])
 7 SYSTEMPATH\Model.php(666): CodeIgniter\BaseModel->insert([...], true)
 8 APPPATH\Controllers\Home.php(542): CodeIgniter\Model->insert([...])
 9 SYSTEMPATH\CodeIgniter.php(904): App\Controllers\Home->daftarUser()
10 SYSTEMPATH\CodeIgniter.php(457): CodeIgniter\CodeIgniter->runController(Object(App\Controllers\Home))
11 SYSTEMPATH\CodeIgniter.php(340): CodeIgniter\CodeIgniter->handleRequest(null, Object(Config\Cache), false)
12 FCPATH\index.php(67): CodeIgniter\CodeIgniter->run()
ERROR - 2022-09-08 01:39:38 --> mysqli_sql_exception: Duplicate entry 'sutino123@gmail.com' for key 'PRIMARY' in C:\xampp\htdocs\toko-online\system\Database\MySQLi\Connection.php:292
Stack trace:
#0 C:\xampp\htdocs\toko-online\system\Database\MySQLi\Connection.php(292): mysqli->query('INSERT INTO `us...', 0)
#1 C:\xampp\htdocs\toko-online\system\Database\BaseConnection.php(693): CodeIgniter\Database\MySQLi\Connection->execute('INSERT INTO `us...')
#2 C:\xampp\htdocs\toko-online\system\Database\BaseConnection.php(620): CodeIgniter\Database\BaseConnection->simpleQuery('INSERT INTO `us...')
#3 C:\xampp\htdocs\toko-online\system\Database\BaseBuilder.php(1916): CodeIgniter\Database\BaseConnection->query('INSERT INTO `us...', Array, false)
#4 C:\xampp\htdocs\toko-online\system\Model.php(278): CodeIgniter\Database\BaseBuilder->insert()
#5 C:\xampp\htdocs\toko-online\system\BaseModel.php(738): CodeIgniter\Model->doInsert(Array)
#6 C:\xampp\htdocs\toko-online\system\Model.php(666): CodeIgniter\BaseModel->insert(Array, true)
#7 C:\xampp\htdocs\toko-online\app\Controllers\Home.php(542): CodeIgniter\Model->insert(Array)
#8 C:\xampp\htdocs\toko-online\system\CodeIgniter.php(904): App\Controllers\Home->daftarUser()
#9 C:\xampp\htdocs\toko-online\system\CodeIgniter.php(457): CodeIgniter\CodeIgniter->runController(Object(App\Controllers\Home))
#10 C:\xampp\htdocs\toko-online\system\CodeIgniter.php(340): CodeIgniter\CodeIgniter->handleRequest(NULL, Object(Config\Cache), false)
#11 C:\xampp\htdocs\toko-online\public\index.php(67): CodeIgniter\CodeIgniter->run()
#12 {main}
CRITICAL - 2022-09-08 01:39:38 --> Duplicate entry 'sutino123@gmail.com' for key 'PRIMARY'
in SYSTEMPATH\Database\MySQLi\Connection.php on line 292.
 1 SYSTEMPATH\Database\MySQLi\Connection.php(292): mysqli->query('INSERT INTO `uservalidasi` (`userid`, `usernama`, `userpassword`, `userlevel`, `userstatus`) VALUES (\'sutino123@gmail.com\', \'Sutino aja\', \'$2y$10$Pu6x3F3xB5uY8Zdgwx9OwOgi5xYscNp.X/e/xsPELJkeruxRXPT.6\', \'2\', \'Progress\')', 0)
 2 SYSTEMPATH\Database\BaseConnection.php(693): CodeIgniter\Database\MySQLi\Connection->execute('INSERT INTO `uservalidasi` (`userid`, `usernama`, `userpassword`, `userlevel`, `userstatus`) VALUES (\'sutino123@gmail.com\', \'Sutino aja\', \'$2y$10$Pu6x3F3xB5uY8Zdgwx9OwOgi5xYscNp.X/e/xsPELJkeruxRXPT.6\', \'2\', \'Progress\')')
 3 SYSTEMPATH\Database\BaseConnection.php(620): CodeIgniter\Database\BaseConnection->simpleQuery('INSERT INTO `uservalidasi` (`userid`, `usernama`, `userpassword`, `userlevel`, `userstatus`) VALUES (\'sutino123@gmail.com\', \'Sutino aja\', \'$2y$10$Pu6x3F3xB5uY8Zdgwx9OwOgi5xYscNp.X/e/xsPELJkeruxRXPT.6\', \'2\', \'Progress\')')
 4 SYSTEMPATH\Database\BaseBuilder.php(1916): CodeIgniter\Database\BaseConnection->query('INSERT INTO `uservalidasi` (`userid`, `usernama`, `userpassword`, `userlevel`, `userstatus`) VALUES (:userid:, :usernama:, :userpassword:, :userlevel:, :userstatus:)', [...], false)
 5 SYSTEMPATH\Model.php(278): CodeIgniter\Database\BaseBuilder->insert()
 6 SYSTEMPATH\BaseModel.php(738): CodeIgniter\Model->doInsert([...])
 7 SYSTEMPATH\Model.php(666): CodeIgniter\BaseModel->insert([...], true)
 8 APPPATH\Controllers\Home.php(542): CodeIgniter\Model->insert([...])
 9 SYSTEMPATH\CodeIgniter.php(904): App\Controllers\Home->daftarUser()
10 SYSTEMPATH\CodeIgniter.php(457): CodeIgniter\CodeIgniter->runController(Object(App\Controllers\Home))
11 SYSTEMPATH\CodeIgniter.php(340): CodeIgniter\CodeIgniter->handleRequest(null, Object(Config\Cache), false)
12 FCPATH\index.php(67): CodeIgniter\CodeIgniter->run()
ERROR - 2022-09-08 01:40:31 --> mysqli_sql_exception: Duplicate entry 'sutino@gmail.com' for key 'PRIMARY' in C:\xampp\htdocs\toko-online\system\Database\MySQLi\Connection.php:292
Stack trace:
#0 C:\xampp\htdocs\toko-online\system\Database\MySQLi\Connection.php(292): mysqli->query('INSERT INTO `us...', 0)
#1 C:\xampp\htdocs\toko-online\system\Database\BaseConnection.php(693): CodeIgniter\Database\MySQLi\Connection->execute('INSERT INTO `us...')
#2 C:\xampp\htdocs\toko-online\system\Database\BaseConnection.php(620): CodeIgniter\Database\BaseConnection->simpleQuery('INSERT INTO `us...')
#3 C:\xampp\htdocs\toko-online\system\Database\BaseBuilder.php(1916): CodeIgniter\Database\BaseConnection->query('INSERT INTO `us...', Array, false)
#4 C:\xampp\htdocs\toko-online\system\Model.php(278): CodeIgniter\Database\BaseBuilder->insert()
#5 C:\xampp\htdocs\toko-online\system\BaseModel.php(738): CodeIgniter\Model->doInsert(Array)
#6 C:\xampp\htdocs\toko-online\system\Model.php(666): CodeIgniter\BaseModel->insert(Array, true)
#7 C:\xampp\htdocs\toko-online\app\Controllers\Home.php(542): CodeIgniter\Model->insert(Array)
#8 C:\xampp\htdocs\toko-online\system\CodeIgniter.php(904): App\Controllers\Home->daftarUser()
#9 C:\xampp\htdocs\toko-online\system\CodeIgniter.php(457): CodeIgniter\CodeIgniter->runController(Object(App\Controllers\Home))
#10 C:\xampp\htdocs\toko-online\system\CodeIgniter.php(340): CodeIgniter\CodeIgniter->handleRequest(NULL, Object(Config\Cache), false)
#11 C:\xampp\htdocs\toko-online\public\index.php(67): CodeIgniter\CodeIgniter->run()
#12 {main}
CRITICAL - 2022-09-08 01:40:31 --> Duplicate entry 'sutino@gmail.com' for key 'PRIMARY'
in SYSTEMPATH\Database\MySQLi\Connection.php on line 292.
 1 SYSTEMPATH\Database\MySQLi\Connection.php(292): mysqli->query('INSERT INTO `uservalidasi` (`userid`, `usernama`, `userpassword`, `userlevel`, `userstatus`) VALUES (\'sutino@gmail.com\', \'Sutino\', \'$2y$10$lI.d17mJVZt0Q3XDdkdQI.ATzgqvRbEO3Ht8K1WpuwL1DXv0MOkk.\', \'2\', \'Progress\')', 0)
 2 SYSTEMPATH\Database\BaseConnection.php(693): CodeIgniter\Database\MySQLi\Connection->execute('INSERT INTO `uservalidasi` (`userid`, `usernama`, `userpassword`, `userlevel`, `userstatus`) VALUES (\'sutino@gmail.com\', \'Sutino\', \'$2y$10$lI.d17mJVZt0Q3XDdkdQI.ATzgqvRbEO3Ht8K1WpuwL1DXv0MOkk.\', \'2\', \'Progress\')')
 3 SYSTEMPATH\Database\BaseConnection.php(620): CodeIgniter\Database\BaseConnection->simpleQuery('INSERT INTO `uservalidasi` (`userid`, `usernama`, `userpassword`, `userlevel`, `userstatus`) VALUES (\'sutino@gmail.com\', \'Sutino\', \'$2y$10$lI.d17mJVZt0Q3XDdkdQI.ATzgqvRbEO3Ht8K1WpuwL1DXv0MOkk.\', \'2\', \'Progress\')')
 4 SYSTEMPATH\Database\BaseBuilder.php(1916): CodeIgniter\Database\BaseConnection->query('INSERT INTO `uservalidasi` (`userid`, `usernama`, `userpassword`, `userlevel`, `userstatus`) VALUES (:userid:, :usernama:, :userpassword:, :userlevel:, :userstatus:)', [...], false)
 5 SYSTEMPATH\Model.php(278): CodeIgniter\Database\BaseBuilder->insert()
 6 SYSTEMPATH\BaseModel.php(738): CodeIgniter\Model->doInsert([...])
 7 SYSTEMPATH\Model.php(666): CodeIgniter\BaseModel->insert([...], true)
 8 APPPATH\Controllers\Home.php(542): CodeIgniter\Model->insert([...])
 9 SYSTEMPATH\CodeIgniter.php(904): App\Controllers\Home->daftarUser()
10 SYSTEMPATH\CodeIgniter.php(457): CodeIgniter\CodeIgniter->runController(Object(App\Controllers\Home))
11 SYSTEMPATH\CodeIgniter.php(340): CodeIgniter\CodeIgniter->handleRequest(null, Object(Config\Cache), false)
12 FCPATH\index.php(67): CodeIgniter\CodeIgniter->run()
ERROR - 2022-09-08 01:41:03 --> mysqli_sql_exception: Duplicate entry 'sutino123@gmail.com' for key 'PRIMARY' in C:\xampp\htdocs\toko-online\system\Database\MySQLi\Connection.php:292
Stack trace:
#0 C:\xampp\htdocs\toko-online\system\Database\MySQLi\Connection.php(292): mysqli->query('INSERT INTO `us...', 0)
#1 C:\xampp\htdocs\toko-online\system\Database\BaseConnection.php(693): CodeIgniter\Database\MySQLi\Connection->execute('INSERT INTO `us...')
#2 C:\xampp\htdocs\toko-online\system\Database\BaseConnection.php(620): CodeIgniter\Database\BaseConnection->simpleQuery('INSERT INTO `us...')
#3 C:\xampp\htdocs\toko-online\system\Database\BaseBuilder.php(1916): CodeIgniter\Database\BaseConnection->query('INSERT INTO `us...', Array, false)
#4 C:\xampp\htdocs\toko-online\system\Model.php(278): CodeIgniter\Database\BaseBuilder->insert()
#5 C:\xampp\htdocs\toko-online\system\BaseModel.php(738): CodeIgniter\Model->doInsert(Array)
#6 C:\xampp\htdocs\toko-online\system\Model.php(666): CodeIgniter\BaseModel->insert(Array, true)
#7 C:\xampp\htdocs\toko-online\app\Controllers\Home.php(542): CodeIgniter\Model->insert(Array)
#8 C:\xampp\htdocs\toko-online\system\CodeIgniter.php(904): App\Controllers\Home->daftarUser()
#9 C:\xampp\htdocs\toko-online\system\CodeIgniter.php(457): CodeIgniter\CodeIgniter->runController(Object(App\Controllers\Home))
#10 C:\xampp\htdocs\toko-online\system\CodeIgniter.php(340): CodeIgniter\CodeIgniter->handleRequest(NULL, Object(Config\Cache), false)
#11 C:\xampp\htdocs\toko-online\public\index.php(67): CodeIgniter\CodeIgniter->run()
#12 {main}
CRITICAL - 2022-09-08 01:41:03 --> Duplicate entry 'sutino123@gmail.com' for key 'PRIMARY'
in SYSTEMPATH\Database\MySQLi\Connection.php on line 292.
 1 SYSTEMPATH\Database\MySQLi\Connection.php(292): mysqli->query('INSERT INTO `uservalidasi` (`userid`, `usernama`, `userpassword`, `userlevel`, `userstatus`) VALUES (\'sutino123@gmail.com\', \'adf\', \'$2y$10$Y7Jt1iK4X9RaybpeMqTTeOGaZNKmeE0dyCdGSGcu.UojyRqzDcL9.\', \'2\', \'Progress\')', 0)
 2 SYSTEMPATH\Database\BaseConnection.php(693): CodeIgniter\Database\MySQLi\Connection->execute('INSERT INTO `uservalidasi` (`userid`, `usernama`, `userpassword`, `userlevel`, `userstatus`) VALUES (\'sutino123@gmail.com\', \'adf\', \'$2y$10$Y7Jt1iK4X9RaybpeMqTTeOGaZNKmeE0dyCdGSGcu.UojyRqzDcL9.\', \'2\', \'Progress\')')
 3 SYSTEMPATH\Database\BaseConnection.php(620): CodeIgniter\Database\BaseConnection->simpleQuery('INSERT INTO `uservalidasi` (`userid`, `usernama`, `userpassword`, `userlevel`, `userstatus`) VALUES (\'sutino123@gmail.com\', \'adf\', \'$2y$10$Y7Jt1iK4X9RaybpeMqTTeOGaZNKmeE0dyCdGSGcu.UojyRqzDcL9.\', \'2\', \'Progress\')')
 4 SYSTEMPATH\Database\BaseBuilder.php(1916): CodeIgniter\Database\BaseConnection->query('INSERT INTO `uservalidasi` (`userid`, `usernama`, `userpassword`, `userlevel`, `userstatus`) VALUES (:userid:, :usernama:, :userpassword:, :userlevel:, :userstatus:)', [...], false)
 5 SYSTEMPATH\Model.php(278): CodeIgniter\Database\BaseBuilder->insert()
 6 SYSTEMPATH\BaseModel.php(738): CodeIgniter\Model->doInsert([...])
 7 SYSTEMPATH\Model.php(666): CodeIgniter\BaseModel->insert([...], true)
 8 APPPATH\Controllers\Home.php(542): CodeIgniter\Model->insert([...])
 9 SYSTEMPATH\CodeIgniter.php(904): App\Controllers\Home->daftarUser()
10 SYSTEMPATH\CodeIgniter.php(457): CodeIgniter\CodeIgniter->runController(Object(App\Controllers\Home))
11 SYSTEMPATH\CodeIgniter.php(340): CodeIgniter\CodeIgniter->handleRequest(null, Object(Config\Cache), false)
12 FCPATH\index.php(67): CodeIgniter\CodeIgniter->run()
ERROR - 2022-09-08 01:46:13 --> mysqli_sql_exception: Duplicate entry 'sutino56265@gmail.com' for key 'PRIMARY' in C:\xampp\htdocs\toko-online\system\Database\MySQLi\Connection.php:292
Stack trace:
#0 C:\xampp\htdocs\toko-online\system\Database\MySQLi\Connection.php(292): mysqli->query('INSERT INTO `us...', 0)
#1 C:\xampp\htdocs\toko-online\system\Database\BaseConnection.php(693): CodeIgniter\Database\MySQLi\Connection->execute('INSERT INTO `us...')
#2 C:\xampp\htdocs\toko-online\system\Database\BaseConnection.php(620): CodeIgniter\Database\BaseConnection->simpleQuery('INSERT INTO `us...')
#3 C:\xampp\htdocs\toko-online\system\Database\BaseBuilder.php(1916): CodeIgniter\Database\BaseConnection->query('INSERT INTO `us...', Array, false)
#4 C:\xampp\htdocs\toko-online\system\Model.php(278): CodeIgniter\Database\BaseBuilder->insert()
#5 C:\xampp\htdocs\toko-online\system\BaseModel.php(738): CodeIgniter\Model->doInsert(Array)
#6 C:\xampp\htdocs\toko-online\system\Model.php(666): CodeIgniter\BaseModel->insert(Array, true)
#7 C:\xampp\htdocs\toko-online\app\Controllers\Home.php(542): CodeIgniter\Model->insert(Array)
#8 C:\xampp\htdocs\toko-online\system\CodeIgniter.php(904): App\Controllers\Home->daftarUser()
#9 C:\xampp\htdocs\toko-online\system\CodeIgniter.php(457): CodeIgniter\CodeIgniter->runController(Object(App\Controllers\Home))
#10 C:\xampp\htdocs\toko-online\system\CodeIgniter.php(340): CodeIgniter\CodeIgniter->handleRequest(NULL, Object(Config\Cache), false)
#11 C:\xampp\htdocs\toko-online\public\index.php(67): CodeIgniter\CodeIgniter->run()
#12 {main}
CRITICAL - 2022-09-08 01:46:13 --> Duplicate entry 'sutino56265@gmail.com' for key 'PRIMARY'
in SYSTEMPATH\Database\MySQLi\Connection.php on line 292.
 1 SYSTEMPATH\Database\MySQLi\Connection.php(292): mysqli->query('INSERT INTO `uservalidasi` (`userid`, `usernama`, `userpassword`, `userlevel`, `userstatus`) VALUES (\'sutino56265@gmail.com\', \'ghjfh\', \'$2y$10$7BbQOOVTosRwXGD40uCIbO1f4YpVdWRw2DZDlyAPq3hefR8RCeLqa\', \'2\', \'Progress\')', 0)
 2 SYSTEMPATH\Database\BaseConnection.php(693): CodeIgniter\Database\MySQLi\Connection->execute('INSERT INTO `uservalidasi` (`userid`, `usernama`, `userpassword`, `userlevel`, `userstatus`) VALUES (\'sutino56265@gmail.com\', \'ghjfh\', \'$2y$10$7BbQOOVTosRwXGD40uCIbO1f4YpVdWRw2DZDlyAPq3hefR8RCeLqa\', \'2\', \'Progress\')')
 3 SYSTEMPATH\Database\BaseConnection.php(620): CodeIgniter\Database\BaseConnection->simpleQuery('INSERT INTO `uservalidasi` (`userid`, `usernama`, `userpassword`, `userlevel`, `userstatus`) VALUES (\'sutino56265@gmail.com\', \'ghjfh\', \'$2y$10$7BbQOOVTosRwXGD40uCIbO1f4YpVdWRw2DZDlyAPq3hefR8RCeLqa\', \'2\', \'Progress\')')
 4 SYSTEMPATH\Database\BaseBuilder.php(1916): CodeIgniter\Database\BaseConnection->query('INSERT INTO `uservalidasi` (`userid`, `usernama`, `userpassword`, `userlevel`, `userstatus`) VALUES (:userid:, :usernama:, :userpassword:, :userlevel:, :userstatus:)', [...], false)
 5 SYSTEMPATH\Model.php(278): CodeIgniter\Database\BaseBuilder->insert()
 6 SYSTEMPATH\BaseModel.php(738): CodeIgniter\Model->doInsert([...])
 7 SYSTEMPATH\Model.php(666): CodeIgniter\BaseModel->insert([...], true)
 8 APPPATH\Controllers\Home.php(542): CodeIgniter\Model->insert([...])
 9 SYSTEMPATH\CodeIgniter.php(904): App\Controllers\Home->daftarUser()
10 SYSTEMPATH\CodeIgniter.php(457): CodeIgniter\CodeIgniter->runController(Object(App\Controllers\Home))
11 SYSTEMPATH\CodeIgniter.php(340): CodeIgniter\CodeIgniter->handleRequest(null, Object(Config\Cache), false)
12 FCPATH\index.php(67): CodeIgniter\CodeIgniter->run()
ERROR - 2022-09-08 01:53:18 --> mysqli_sql_exception: Duplicate entry 'sutino123@gmail.com' for key 'PRIMARY' in C:\xampp\htdocs\toko-online\system\Database\MySQLi\Connection.php:292
Stack trace:
#0 C:\xampp\htdocs\toko-online\system\Database\MySQLi\Connection.php(292): mysqli->query('INSERT INTO `us...', 0)
#1 C:\xampp\htdocs\toko-online\system\Database\BaseConnection.php(693): CodeIgniter\Database\MySQLi\Connection->execute('INSERT INTO `us...')
#2 C:\xampp\htdocs\toko-online\system\Database\BaseConnection.php(620): CodeIgniter\Database\BaseConnection->simpleQuery('INSERT INTO `us...')
#3 C:\xampp\htdocs\toko-online\system\Database\BaseBuilder.php(1916): CodeIgniter\Database\BaseConnection->query('INSERT INTO `us...', Array, false)
#4 C:\xampp\htdocs\toko-online\system\Model.php(278): CodeIgniter\Database\BaseBuilder->insert()
#5 C:\xampp\htdocs\toko-online\system\BaseModel.php(738): CodeIgniter\Model->doInsert(Array)
#6 C:\xampp\htdocs\toko-online\system\Model.php(666): CodeIgniter\BaseModel->insert(Array, true)
#7 C:\xampp\htdocs\toko-online\app\Controllers\Home.php(551): CodeIgniter\Model->insert(Array)
#8 C:\xampp\htdocs\toko-online\system\CodeIgniter.php(904): App\Controllers\Home->daftarUser()
#9 C:\xampp\htdocs\toko-online\system\CodeIgniter.php(457): CodeIgniter\CodeIgniter->runController(Object(App\Controllers\Home))
#10 C:\xampp\htdocs\toko-online\system\CodeIgniter.php(340): CodeIgniter\CodeIgniter->handleRequest(NULL, Object(Config\Cache), false)
#11 C:\xampp\htdocs\toko-online\public\index.php(67): CodeIgniter\CodeIgniter->run()
#12 {main}
CRITICAL - 2022-09-08 01:53:18 --> Duplicate entry 'sutino123@gmail.com' for key 'PRIMARY'
in SYSTEMPATH\Database\MySQLi\Connection.php on line 292.
 1 SYSTEMPATH\Database\MySQLi\Connection.php(292): mysqli->query('INSERT INTO `uservalidasi` (`userid`, `usernama`, `userpassword`, `userlevel`, `userstatus`) VALUES (\'sutino123@gmail.com\', \'Sutino\', \'$2y$10$Dj3/JnF4d1ZK5BD8Kh45QehZn0TH3C7Wr1/qC6G8KDQUy5B9f7aL2\', \'2\', \'Progress\')', 0)
 2 SYSTEMPATH\Database\BaseConnection.php(693): CodeIgniter\Database\MySQLi\Connection->execute('INSERT INTO `uservalidasi` (`userid`, `usernama`, `userpassword`, `userlevel`, `userstatus`) VALUES (\'sutino123@gmail.com\', \'Sutino\', \'$2y$10$Dj3/JnF4d1ZK5BD8Kh45QehZn0TH3C7Wr1/qC6G8KDQUy5B9f7aL2\', \'2\', \'Progress\')')
 3 SYSTEMPATH\Database\BaseConnection.php(620): CodeIgniter\Database\BaseConnection->simpleQuery('INSERT INTO `uservalidasi` (`userid`, `usernama`, `userpassword`, `userlevel`, `userstatus`) VALUES (\'sutino123@gmail.com\', \'Sutino\', \'$2y$10$Dj3/JnF4d1ZK5BD8Kh45QehZn0TH3C7Wr1/qC6G8KDQUy5B9f7aL2\', \'2\', \'Progress\')')
 4 SYSTEMPATH\Database\BaseBuilder.php(1916): CodeIgniter\Database\BaseConnection->query('INSERT INTO `uservalidasi` (`userid`, `usernama`, `userpassword`, `userlevel`, `userstatus`) VALUES (:userid:, :usernama:, :userpassword:, :userlevel:, :userstatus:)', [...], false)
 5 SYSTEMPATH\Model.php(278): CodeIgniter\Database\BaseBuilder->insert()
 6 SYSTEMPATH\BaseModel.php(738): CodeIgniter\Model->doInsert([...])
 7 SYSTEMPATH\Model.php(666): CodeIgniter\BaseModel->insert([...], true)
 8 APPPATH\Controllers\Home.php(551): CodeIgniter\Model->insert([...])
 9 SYSTEMPATH\CodeIgniter.php(904): App\Controllers\Home->daftarUser()
10 SYSTEMPATH\CodeIgniter.php(457): CodeIgniter\CodeIgniter->runController(Object(App\Controllers\Home))
11 SYSTEMPATH\CodeIgniter.php(340): CodeIgniter\CodeIgniter->handleRequest(null, Object(Config\Cache), false)
12 FCPATH\index.php(67): CodeIgniter\CodeIgniter->run()
ERROR - 2022-09-08 02:07:45 --> mysqli_sql_exception: Duplicate entry 'sutino.skom@gmail.com' for key 'PRIMARY' in C:\xampp\htdocs\toko-online\system\Database\MySQLi\Connection.php:292
Stack trace:
#0 C:\xampp\htdocs\toko-online\system\Database\MySQLi\Connection.php(292): mysqli->query('INSERT INTO `us...', 0)
#1 C:\xampp\htdocs\toko-online\system\Database\BaseConnection.php(693): CodeIgniter\Database\MySQLi\Connection->execute('INSERT INTO `us...')
#2 C:\xampp\htdocs\toko-online\system\Database\BaseConnection.php(620): CodeIgniter\Database\BaseConnection->simpleQuery('INSERT INTO `us...')
#3 C:\xampp\htdocs\toko-online\system\Database\BaseBuilder.php(1916): CodeIgniter\Database\BaseConnection->query('INSERT INTO `us...', Array, false)
#4 C:\xampp\htdocs\toko-online\system\Model.php(278): CodeIgniter\Database\BaseBuilder->insert()
#5 C:\xampp\htdocs\toko-online\system\BaseModel.php(738): CodeIgniter\Model->doInsert(Array)
#6 C:\xampp\htdocs\toko-online\system\Model.php(666): CodeIgniter\BaseModel->insert(Array, true)
#7 C:\xampp\htdocs\toko-online\app\Controllers\Home.php(551): CodeIgniter\Model->insert(Array)
#8 C:\xampp\htdocs\toko-online\system\CodeIgniter.php(904): App\Controllers\Home->daftarUser()
#9 C:\xampp\htdocs\toko-online\system\CodeIgniter.php(457): CodeIgniter\CodeIgniter->runController(Object(App\Controllers\Home))
#10 C:\xampp\htdocs\toko-online\system\CodeIgniter.php(340): CodeIgniter\CodeIgniter->handleRequest(NULL, Object(Config\Cache), false)
#11 C:\xampp\htdocs\toko-online\public\index.php(67): CodeIgniter\CodeIgniter->run()
#12 {main}
CRITICAL - 2022-09-08 02:07:45 --> Duplicate entry 'sutino.skom@gmail.com' for key 'PRIMARY'
in SYSTEMPATH\Database\MySQLi\Connection.php on line 292.
 1 SYSTEMPATH\Database\MySQLi\Connection.php(292): mysqli->query('INSERT INTO `uservalidasi` (`userid`, `usernama`, `userpassword`, `userlevel`, `userstatus`) VALUES (\'sutino.skom@gmail.com\', \'Sutino\', \'40bd001563085fc35165329ea1ff5c5ecbdbbeef\', \'2\', \'Progress\')', 0)
 2 SYSTEMPATH\Database\BaseConnection.php(693): CodeIgniter\Database\MySQLi\Connection->execute('INSERT INTO `uservalidasi` (`userid`, `usernama`, `userpassword`, `userlevel`, `userstatus`) VALUES (\'sutino.skom@gmail.com\', \'Sutino\', \'40bd001563085fc35165329ea1ff5c5ecbdbbeef\', \'2\', \'Progress\')')
 3 SYSTEMPATH\Database\BaseConnection.php(620): CodeIgniter\Database\BaseConnection->simpleQuery('INSERT INTO `uservalidasi` (`userid`, `usernama`, `userpassword`, `userlevel`, `userstatus`) VALUES (\'sutino.skom@gmail.com\', \'Sutino\', \'40bd001563085fc35165329ea1ff5c5ecbdbbeef\', \'2\', \'Progress\')')
 4 SYSTEMPATH\Database\BaseBuilder.php(1916): CodeIgniter\Database\BaseConnection->query('INSERT INTO `uservalidasi` (`userid`, `usernama`, `userpassword`, `userlevel`, `userstatus`) VALUES (:userid:, :usernama:, :userpassword:, :userlevel:, :userstatus:)', [...], false)
 5 SYSTEMPATH\Model.php(278): CodeIgniter\Database\BaseBuilder->insert()
 6 SYSTEMPATH\BaseModel.php(738): CodeIgniter\Model->doInsert([...])
 7 SYSTEMPATH\Model.php(666): CodeIgniter\BaseModel->insert([...], true)
 8 APPPATH\Controllers\Home.php(551): CodeIgniter\Model->insert([...])
 9 SYSTEMPATH\CodeIgniter.php(904): App\Controllers\Home->daftarUser()
10 SYSTEMPATH\CodeIgniter.php(457): CodeIgniter\CodeIgniter->runController(Object(App\Controllers\Home))
11 SYSTEMPATH\CodeIgniter.php(340): CodeIgniter\CodeIgniter->handleRequest(null, Object(Config\Cache), false)
12 FCPATH\index.php(67): CodeIgniter\CodeIgniter->run()
ERROR - 2022-09-08 02:45:42 --> mysqli_sql_exception: Duplicate entry 'sutino.skom@gmail.com' for key 'PRIMARY' in C:\xampp\htdocs\toko-online\system\Database\MySQLi\Connection.php:292
Stack trace:
#0 C:\xampp\htdocs\toko-online\system\Database\MySQLi\Connection.php(292): mysqli->query('INSERT INTO `us...', 0)
#1 C:\xampp\htdocs\toko-online\system\Database\BaseConnection.php(693): CodeIgniter\Database\MySQLi\Connection->execute('INSERT INTO `us...')
#2 C:\xampp\htdocs\toko-online\system\Database\BaseConnection.php(620): CodeIgniter\Database\BaseConnection->simpleQuery('INSERT INTO `us...')
#3 C:\xampp\htdocs\toko-online\system\Database\BaseBuilder.php(1916): CodeIgniter\Database\BaseConnection->query('INSERT INTO `us...', Array, false)
#4 C:\xampp\htdocs\toko-online\system\Model.php(278): CodeIgniter\Database\BaseBuilder->insert()
#5 C:\xampp\htdocs\toko-online\system\BaseModel.php(738): CodeIgniter\Model->doInsert(Array)
#6 C:\xampp\htdocs\toko-online\system\Model.php(666): CodeIgniter\BaseModel->insert(Array, true)
#7 C:\xampp\htdocs\toko-online\app\Controllers\Home.php(551): CodeIgniter\Model->insert(Array)
#8 C:\xampp\htdocs\toko-online\system\CodeIgniter.php(904): App\Controllers\Home->daftarUser()
#9 C:\xampp\htdocs\toko-online\system\CodeIgniter.php(457): CodeIgniter\CodeIgniter->runController(Object(App\Controllers\Home))
#10 C:\xampp\htdocs\toko-online\system\CodeIgniter.php(340): CodeIgniter\CodeIgniter->handleRequest(NULL, Object(Config\Cache), false)
#11 C:\xampp\htdocs\toko-online\public\index.php(67): CodeIgniter\CodeIgniter->run()
#12 {main}
CRITICAL - 2022-09-08 02:45:42 --> Duplicate entry 'sutino.skom@gmail.com' for key 'PRIMARY'
in SYSTEMPATH\Database\MySQLi\Connection.php on line 292.
 1 SYSTEMPATH\Database\MySQLi\Connection.php(292): mysqli->query('INSERT INTO `uservalidasi` (`userid`, `usernama`, `userpassword`, `userlevel`, `userstatus`) VALUES (\'sutino.skom@gmail.com\', \'Sutino\', \'40bd001563085fc35165329ea1ff5c5ecbdbbeef\', \'2\', \'Progress\')', 0)
 2 SYSTEMPATH\Database\BaseConnection.php(693): CodeIgniter\Database\MySQLi\Connection->execute('INSERT INTO `uservalidasi` (`userid`, `usernama`, `userpassword`, `userlevel`, `userstatus`) VALUES (\'sutino.skom@gmail.com\', \'Sutino\', \'40bd001563085fc35165329ea1ff5c5ecbdbbeef\', \'2\', \'Progress\')')
 3 SYSTEMPATH\Database\BaseConnection.php(620): CodeIgniter\Database\BaseConnection->simpleQuery('INSERT INTO `uservalidasi` (`userid`, `usernama`, `userpassword`, `userlevel`, `userstatus`) VALUES (\'sutino.skom@gmail.com\', \'Sutino\', \'40bd001563085fc35165329ea1ff5c5ecbdbbeef\', \'2\', \'Progress\')')
 4 SYSTEMPATH\Database\BaseBuilder.php(1916): CodeIgniter\Database\BaseConnection->query('INSERT INTO `uservalidasi` (`userid`, `usernama`, `userpassword`, `userlevel`, `userstatus`) VALUES (:userid:, :usernama:, :userpassword:, :userlevel:, :userstatus:)', [...], false)
 5 SYSTEMPATH\Model.php(278): CodeIgniter\Database\BaseBuilder->insert()
 6 SYSTEMPATH\BaseModel.php(738): CodeIgniter\Model->doInsert([...])
 7 SYSTEMPATH\Model.php(666): CodeIgniter\BaseModel->insert([...], true)
 8 APPPATH\Controllers\Home.php(551): CodeIgniter\Model->insert([...])
 9 SYSTEMPATH\CodeIgniter.php(904): App\Controllers\Home->daftarUser()
10 SYSTEMPATH\CodeIgniter.php(457): CodeIgniter\CodeIgniter->runController(Object(App\Controllers\Home))
11 SYSTEMPATH\CodeIgniter.php(340): CodeIgniter\CodeIgniter->handleRequest(null, Object(Config\Cache), false)
12 FCPATH\index.php(67): CodeIgniter\CodeIgniter->run()
ERROR - 2022-09-08 03:02:30 --> mysqli_sql_exception: Duplicate entry 'sutino.skom@gmail.com' for key 'PRIMARY' in C:\xampp\htdocs\toko-online\system\Database\MySQLi\Connection.php:292
Stack trace:
#0 C:\xampp\htdocs\toko-online\system\Database\MySQLi\Connection.php(292): mysqli->query('INSERT INTO `us...', 0)
#1 C:\xampp\htdocs\toko-online\system\Database\BaseConnection.php(693): CodeIgniter\Database\MySQLi\Connection->execute('INSERT INTO `us...')
#2 C:\xampp\htdocs\toko-online\system\Database\BaseConnection.php(620): CodeIgniter\Database\BaseConnection->simpleQuery('INSERT INTO `us...')
#3 C:\xampp\htdocs\toko-online\system\Database\BaseBuilder.php(1916): CodeIgniter\Database\BaseConnection->query('INSERT INTO `us...', Array, false)
#4 C:\xampp\htdocs\toko-online\system\Model.php(278): CodeIgniter\Database\BaseBuilder->insert()
#5 C:\xampp\htdocs\toko-online\system\BaseModel.php(738): CodeIgniter\Model->doInsert(Array)
#6 C:\xampp\htdocs\toko-online\system\Model.php(666): CodeIgniter\BaseModel->insert(Array, true)
#7 C:\xampp\htdocs\toko-online\app\Controllers\Home.php(551): CodeIgniter\Model->insert(Array)
#8 C:\xampp\htdocs\toko-online\system\CodeIgniter.php(904): App\Controllers\Home->daftarUser()
#9 C:\xampp\htdocs\toko-online\system\CodeIgniter.php(457): CodeIgniter\CodeIgniter->runController(Object(App\Controllers\Home))
#10 C:\xampp\htdocs\toko-online\system\CodeIgniter.php(340): CodeIgniter\CodeIgniter->handleRequest(NULL, Object(Config\Cache), false)
#11 C:\xampp\htdocs\toko-online\public\index.php(67): CodeIgniter\CodeIgniter->run()
#12 {main}
CRITICAL - 2022-09-08 03:02:30 --> Duplicate entry 'sutino.skom@gmail.com' for key 'PRIMARY'
in SYSTEMPATH\Database\MySQLi\Connection.php on line 292.
 1 SYSTEMPATH\Database\MySQLi\Connection.php(292): mysqli->query('INSERT INTO `uservalidasi` (`userid`, `usernama`, `userpassword`, `userlevel`, `userstatus`) VALUES (\'sutino.skom@gmail.com\', \'Sutino aja\', \'40bd001563085fc35165329ea1ff5c5ecbdbbeef\', \'2\', \'Progress\')', 0)
 2 SYSTEMPATH\Database\BaseConnection.php(693): CodeIgniter\Database\MySQLi\Connection->execute('INSERT INTO `uservalidasi` (`userid`, `usernama`, `userpassword`, `userlevel`, `userstatus`) VALUES (\'sutino.skom@gmail.com\', \'Sutino aja\', \'40bd001563085fc35165329ea1ff5c5ecbdbbeef\', \'2\', \'Progress\')')
 3 SYSTEMPATH\Database\BaseConnection.php(620): CodeIgniter\Database\BaseConnection->simpleQuery('INSERT INTO `uservalidasi` (`userid`, `usernama`, `userpassword`, `userlevel`, `userstatus`) VALUES (\'sutino.skom@gmail.com\', \'Sutino aja\', \'40bd001563085fc35165329ea1ff5c5ecbdbbeef\', \'2\', \'Progress\')')
 4 SYSTEMPATH\Database\BaseBuilder.php(1916): CodeIgniter\Database\BaseConnection->query('INSERT INTO `uservalidasi` (`userid`, `usernama`, `userpassword`, `userlevel`, `userstatus`) VALUES (:userid:, :usernama:, :userpassword:, :userlevel:, :userstatus:)', [...], false)
 5 SYSTEMPATH\Model.php(278): CodeIgniter\Database\BaseBuilder->insert()
 6 SYSTEMPATH\BaseModel.php(738): CodeIgniter\Model->doInsert([...])
 7 SYSTEMPATH\Model.php(666): CodeIgniter\BaseModel->insert([...], true)
 8 APPPATH\Controllers\Home.php(551): CodeIgniter\Model->insert([...])
 9 SYSTEMPATH\CodeIgniter.php(904): App\Controllers\Home->daftarUser()
10 SYSTEMPATH\CodeIgniter.php(457): CodeIgniter\CodeIgniter->runController(Object(App\Controllers\Home))
11 SYSTEMPATH\CodeIgniter.php(340): CodeIgniter\CodeIgniter->handleRequest(null, Object(Config\Cache), false)
12 FCPATH\index.php(67): CodeIgniter\CodeIgniter->run()
ERROR - 2022-09-08 03:08:03 --> mysqli_sql_exception: Duplicate entry 'sutino.skom@gmail.com' for key 'PRIMARY' in C:\xampp\htdocs\toko-online\system\Database\MySQLi\Connection.php:292
Stack trace:
#0 C:\xampp\htdocs\toko-online\system\Database\MySQLi\Connection.php(292): mysqli->query('INSERT INTO `us...', 0)
#1 C:\xampp\htdocs\toko-online\system\Database\BaseConnection.php(693): CodeIgniter\Database\MySQLi\Connection->execute('INSERT INTO `us...')
#2 C:\xampp\htdocs\toko-online\system\Database\BaseConnection.php(620): CodeIgniter\Database\BaseConnection->simpleQuery('INSERT INTO `us...')
#3 C:\xampp\htdocs\toko-online\system\Database\BaseBuilder.php(1916): CodeIgniter\Database\BaseConnection->query('INSERT INTO `us...', Array, false)
#4 C:\xampp\htdocs\toko-online\system\Model.php(278): CodeIgniter\Database\BaseBuilder->insert()
#5 C:\xampp\htdocs\toko-online\system\BaseModel.php(738): CodeIgniter\Model->doInsert(Array)
#6 C:\xampp\htdocs\toko-online\system\Model.php(666): CodeIgniter\BaseModel->insert(Array, true)
#7 C:\xampp\htdocs\toko-online\app\Controllers\Home.php(552): CodeIgniter\Model->insert(Array)
#8 C:\xampp\htdocs\toko-online\system\CodeIgniter.php(904): App\Controllers\Home->daftarUser()
#9 C:\xampp\htdocs\toko-online\system\CodeIgniter.php(457): CodeIgniter\CodeIgniter->runController(Object(App\Controllers\Home))
#10 C:\xampp\htdocs\toko-online\system\CodeIgniter.php(340): CodeIgniter\CodeIgniter->handleRequest(NULL, Object(Config\Cache), false)
#11 C:\xampp\htdocs\toko-online\public\index.php(67): CodeIgniter\CodeIgniter->run()
#12 {main}
CRITICAL - 2022-09-08 03:08:03 --> Duplicate entry 'sutino.skom@gmail.com' for key 'PRIMARY'
in SYSTEMPATH\Database\MySQLi\Connection.php on line 292.
 1 SYSTEMPATH\Database\MySQLi\Connection.php(292): mysqli->query('INSERT INTO `uservalidasi` (`userid`, `usernama`, `userpassword`, `userlevel`, `userstatus`) VALUES (\'sutino.skom@gmail.com\', \'Sutino\', \'40bd001563085fc35165329ea1ff5c5ecbdbbeef\', \'2\', \'Progress\')', 0)
 2 SYSTEMPATH\Database\BaseConnection.php(693): CodeIgniter\Database\MySQLi\Connection->execute('INSERT INTO `uservalidasi` (`userid`, `usernama`, `userpassword`, `userlevel`, `userstatus`) VALUES (\'sutino.skom@gmail.com\', \'Sutino\', \'40bd001563085fc35165329ea1ff5c5ecbdbbeef\', \'2\', \'Progress\')')
 3 SYSTEMPATH\Database\BaseConnection.php(620): CodeIgniter\Database\BaseConnection->simpleQuery('INSERT INTO `uservalidasi` (`userid`, `usernama`, `userpassword`, `userlevel`, `userstatus`) VALUES (\'sutino.skom@gmail.com\', \'Sutino\', \'40bd001563085fc35165329ea1ff5c5ecbdbbeef\', \'2\', \'Progress\')')
 4 SYSTEMPATH\Database\BaseBuilder.php(1916): CodeIgniter\Database\BaseConnection->query('INSERT INTO `uservalidasi` (`userid`, `usernama`, `userpassword`, `userlevel`, `userstatus`) VALUES (:userid:, :usernama:, :userpassword:, :userlevel:, :userstatus:)', [...], false)
 5 SYSTEMPATH\Model.php(278): CodeIgniter\Database\BaseBuilder->insert()
 6 SYSTEMPATH\BaseModel.php(738): CodeIgniter\Model->doInsert([...])
 7 SYSTEMPATH\Model.php(666): CodeIgniter\BaseModel->insert([...], true)
 8 APPPATH\Controllers\Home.php(552): CodeIgniter\Model->insert([...])
 9 SYSTEMPATH\CodeIgniter.php(904): App\Controllers\Home->daftarUser()
10 SYSTEMPATH\CodeIgniter.php(457): CodeIgniter\CodeIgniter->runController(Object(App\Controllers\Home))
11 SYSTEMPATH\CodeIgniter.php(340): CodeIgniter\CodeIgniter->handleRequest(null, Object(Config\Cache), false)
12 FCPATH\index.php(67): CodeIgniter\CodeIgniter->run()
ERROR - 2022-09-08 03:19:14 --> mysqli_sql_exception: Duplicate entry 'sutinosir@gmail.com' for key 'PRIMARY' in C:\xampp\htdocs\toko-online\system\Database\MySQLi\Connection.php:292
Stack trace:
#0 C:\xampp\htdocs\toko-online\system\Database\MySQLi\Connection.php(292): mysqli->query('INSERT INTO `us...', 0)
#1 C:\xampp\htdocs\toko-online\system\Database\BaseConnection.php(693): CodeIgniter\Database\MySQLi\Connection->execute('INSERT INTO `us...')
#2 C:\xampp\htdocs\toko-online\system\Database\BaseConnection.php(620): CodeIgniter\Database\BaseConnection->simpleQuery('INSERT INTO `us...')
#3 C:\xampp\htdocs\toko-online\system\Database\BaseBuilder.php(1916): CodeIgniter\Database\BaseConnection->query('INSERT INTO `us...', Array, false)
#4 C:\xampp\htdocs\toko-online\system\Model.php(278): CodeIgniter\Database\BaseBuilder->insert()
#5 C:\xampp\htdocs\toko-online\system\BaseModel.php(738): CodeIgniter\Model->doInsert(Array)
#6 C:\xampp\htdocs\toko-online\system\Model.php(666): CodeIgniter\BaseModel->insert(Array, true)
#7 C:\xampp\htdocs\toko-online\app\Controllers\Home.php(552): CodeIgniter\Model->insert(Array)
#8 C:\xampp\htdocs\toko-online\system\CodeIgniter.php(904): App\Controllers\Home->daftarUser()
#9 C:\xampp\htdocs\toko-online\system\CodeIgniter.php(457): CodeIgniter\CodeIgniter->runController(Object(App\Controllers\Home))
#10 C:\xampp\htdocs\toko-online\system\CodeIgniter.php(340): CodeIgniter\CodeIgniter->handleRequest(NULL, Object(Config\Cache), false)
#11 C:\xampp\htdocs\toko-online\public\index.php(67): CodeIgniter\CodeIgniter->run()
#12 {main}
CRITICAL - 2022-09-08 03:19:14 --> Duplicate entry 'sutinosir@gmail.com' for key 'PRIMARY'
in SYSTEMPATH\Database\MySQLi\Connection.php on line 292.
 1 SYSTEMPATH\Database\MySQLi\Connection.php(292): mysqli->query('INSERT INTO `uservalidasi` (`userid`, `usernama`, `userpassword`, `userlevel`, `userstatus`) VALUES (\'sutinosir@gmail.com\', \'Sutino aja\', \'40bd001563085fc35165329ea1ff5c5ecbdbbeef\', \'2\', \'Progress\')', 0)
 2 SYSTEMPATH\Database\BaseConnection.php(693): CodeIgniter\Database\MySQLi\Connection->execute('INSERT INTO `uservalidasi` (`userid`, `usernama`, `userpassword`, `userlevel`, `userstatus`) VALUES (\'sutinosir@gmail.com\', \'Sutino aja\', \'40bd001563085fc35165329ea1ff5c5ecbdbbeef\', \'2\', \'Progress\')')
 3 SYSTEMPATH\Database\BaseConnection.php(620): CodeIgniter\Database\BaseConnection->simpleQuery('INSERT INTO `uservalidasi` (`userid`, `usernama`, `userpassword`, `userlevel`, `userstatus`) VALUES (\'sutinosir@gmail.com\', \'Sutino aja\', \'40bd001563085fc35165329ea1ff5c5ecbdbbeef\', \'2\', \'Progress\')')
 4 SYSTEMPATH\Database\BaseBuilder.php(1916): CodeIgniter\Database\BaseConnection->query('INSERT INTO `uservalidasi` (`userid`, `usernama`, `userpassword`, `userlevel`, `userstatus`) VALUES (:userid:, :usernama:, :userpassword:, :userlevel:, :userstatus:)', [...], false)
 5 SYSTEMPATH\Model.php(278): CodeIgniter\Database\BaseBuilder->insert()
 6 SYSTEMPATH\BaseModel.php(738): CodeIgniter\Model->doInsert([...])
 7 SYSTEMPATH\Model.php(666): CodeIgniter\BaseModel->insert([...], true)
 8 APPPATH\Controllers\Home.php(552): CodeIgniter\Model->insert([...])
 9 SYSTEMPATH\CodeIgniter.php(904): App\Controllers\Home->daftarUser()
10 SYSTEMPATH\CodeIgniter.php(457): CodeIgniter\CodeIgniter->runController(Object(App\Controllers\Home))
11 SYSTEMPATH\CodeIgniter.php(340): CodeIgniter\CodeIgniter->handleRequest(null, Object(Config\Cache), false)
12 FCPATH\index.php(67): CodeIgniter\CodeIgniter->run()
ERROR - 2022-09-08 03:37:53 --> mysqli_sql_exception: Duplicate entry 'septian@gmail.com' for key 'PRIMARY' in C:\xampp\htdocs\toko-online\system\Database\MySQLi\Connection.php:292
Stack trace:
#0 C:\xampp\htdocs\toko-online\system\Database\MySQLi\Connection.php(292): mysqli->query('INSERT INTO `us...', 0)
#1 C:\xampp\htdocs\toko-online\system\Database\BaseConnection.php(693): CodeIgniter\Database\MySQLi\Connection->execute('INSERT INTO `us...')
#2 C:\xampp\htdocs\toko-online\system\Database\BaseConnection.php(620): CodeIgniter\Database\BaseConnection->simpleQuery('INSERT INTO `us...')
#3 C:\xampp\htdocs\toko-online\system\Database\BaseBuilder.php(1916): CodeIgniter\Database\BaseConnection->query('INSERT INTO `us...', Array, false)
#4 C:\xampp\htdocs\toko-online\system\Model.php(278): CodeIgniter\Database\BaseBuilder->insert()
#5 C:\xampp\htdocs\toko-online\system\BaseModel.php(738): CodeIgniter\Model->doInsert(Array)
#6 C:\xampp\htdocs\toko-online\system\Model.php(666): CodeIgniter\BaseModel->insert(Array, true)
#7 C:\xampp\htdocs\toko-online\app\Controllers\Home.php(552): CodeIgniter\Model->insert(Array)
#8 C:\xampp\htdocs\toko-online\system\CodeIgniter.php(904): App\Controllers\Home->daftarUser()
#9 C:\xampp\htdocs\toko-online\system\CodeIgniter.php(457): CodeIgniter\CodeIgniter->runController(Object(App\Controllers\Home))
#10 C:\xampp\htdocs\toko-online\system\CodeIgniter.php(340): CodeIgniter\CodeIgniter->handleRequest(NULL, Object(Config\Cache), false)
#11 C:\xampp\htdocs\toko-online\public\index.php(67): CodeIgniter\CodeIgniter->run()
#12 {main}
CRITICAL - 2022-09-08 03:37:53 --> Duplicate entry 'septian@gmail.com' for key 'PRIMARY'
in SYSTEMPATH\Database\MySQLi\Connection.php on line 292.
 1 SYSTEMPATH\Database\MySQLi\Connection.php(292): mysqli->query('INSERT INTO `uservalidasi` (`userid`, `usernama`, `userpassword`, `userlevel`, `userstatus`) VALUES (\'septian@gmail.com\', \'Septian Dwi Cahyo\', \'40bd001563085fc35165329ea1ff5c5ecbdbbeef\', \'2\', \'Progress\')', 0)
 2 SYSTEMPATH\Database\BaseConnection.php(693): CodeIgniter\Database\MySQLi\Connection->execute('INSERT INTO `uservalidasi` (`userid`, `usernama`, `userpassword`, `userlevel`, `userstatus`) VALUES (\'septian@gmail.com\', \'Septian Dwi Cahyo\', \'40bd001563085fc35165329ea1ff5c5ecbdbbeef\', \'2\', \'Progress\')')
 3 SYSTEMPATH\Database\BaseConnection.php(620): CodeIgniter\Database\BaseConnection->simpleQuery('INSERT INTO `uservalidasi` (`userid`, `usernama`, `userpassword`, `userlevel`, `userstatus`) VALUES (\'septian@gmail.com\', \'Septian Dwi Cahyo\', \'40bd001563085fc35165329ea1ff5c5ecbdbbeef\', \'2\', \'Progress\')')
 4 SYSTEMPATH\Database\BaseBuilder.php(1916): CodeIgniter\Database\BaseConnection->query('INSERT INTO `uservalidasi` (`userid`, `usernama`, `userpassword`, `userlevel`, `userstatus`) VALUES (:userid:, :usernama:, :userpassword:, :userlevel:, :userstatus:)', [...], false)
 5 SYSTEMPATH\Model.php(278): CodeIgniter\Database\BaseBuilder->insert()
 6 SYSTEMPATH\BaseModel.php(738): CodeIgniter\Model->doInsert([...])
 7 SYSTEMPATH\Model.php(666): CodeIgniter\BaseModel->insert([...], true)
 8 APPPATH\Controllers\Home.php(552): CodeIgniter\Model->insert([...])
 9 SYSTEMPATH\CodeIgniter.php(904): App\Controllers\Home->daftarUser()
10 SYSTEMPATH\CodeIgniter.php(457): CodeIgniter\CodeIgniter->runController(Object(App\Controllers\Home))
11 SYSTEMPATH\CodeIgniter.php(340): CodeIgniter\CodeIgniter->handleRequest(null, Object(Config\Cache), false)
12 FCPATH\index.php(67): CodeIgniter\CodeIgniter->run()
CRITICAL - 2022-09-08 03:38:12 --> Trying to access array offset on value of type null
in APPPATH\Controllers\Home.php on line 444.
 1 APPPATH\Controllers\Home.php(444): CodeIgniter\Debug\Exceptions->errorHandler(8, 'Trying to access array offset on value of type null', 'APPPATH\\Controllers\\Home.php', 444, [...])
 2 SYSTEMPATH\CodeIgniter.php(904): App\Controllers\Home->login()
 3 SYSTEMPATH\CodeIgniter.php(457): CodeIgniter\CodeIgniter->runController(Object(App\Controllers\Home))
 4 SYSTEMPATH\CodeIgniter.php(340): CodeIgniter\CodeIgniter->handleRequest(null, Object(Config\Cache), false)
 5 FCPATH\index.php(67): CodeIgniter\CodeIgniter->run()
CRITICAL - 2022-09-08 03:38:12 --> Trying to access array offset on value of type null
in APPPATH\Controllers\Home.php on line 444.
 1 APPPATH\Controllers\Home.php(444): CodeIgniter\Debug\Exceptions->errorHandler(8, 'Trying to access array offset on value of type null', 'APPPATH\\Controllers\\Home.php', 444, [...])
 2 SYSTEMPATH\CodeIgniter.php(904): App\Controllers\Home->login()
 3 SYSTEMPATH\CodeIgniter.php(457): CodeIgniter\CodeIgniter->runController(Object(App\Controllers\Home))
 4 SYSTEMPATH\CodeIgniter.php(340): CodeIgniter\CodeIgniter->handleRequest(null, Object(Config\Cache), false)
 5 FCPATH\index.php(67): CodeIgniter\CodeIgniter->run()
ERROR - 2022-09-08 03:39:16 --> mysqli_sql_exception: Duplicate entry 'septiandwicahyo461@gmail.com' for key 'PRIMARY' in C:\xampp\htdocs\toko-online\system\Database\MySQLi\Connection.php:292
Stack trace:
#0 C:\xampp\htdocs\toko-online\system\Database\MySQLi\Connection.php(292): mysqli->query('INSERT INTO `us...', 0)
#1 C:\xampp\htdocs\toko-online\system\Database\BaseConnection.php(693): CodeIgniter\Database\MySQLi\Connection->execute('INSERT INTO `us...')
#2 C:\xampp\htdocs\toko-online\system\Database\BaseConnection.php(620): CodeIgniter\Database\BaseConnection->simpleQuery('INSERT INTO `us...')
#3 C:\xampp\htdocs\toko-online\system\Database\BaseBuilder.php(1916): CodeIgniter\Database\BaseConnection->query('INSERT INTO `us...', Array, false)
#4 C:\xampp\htdocs\toko-online\system\Model.php(278): CodeIgniter\Database\BaseBuilder->insert()
#5 C:\xampp\htdocs\toko-online\system\BaseModel.php(738): CodeIgniter\Model->doInsert(Array)
#6 C:\xampp\htdocs\toko-online\system\Model.php(666): CodeIgniter\BaseModel->insert(Array, true)
#7 C:\xampp\htdocs\toko-online\app\Controllers\Home.php(552): CodeIgniter\Model->insert(Array)
#8 C:\xampp\htdocs\toko-online\system\CodeIgniter.php(904): App\Controllers\Home->daftarUser()
#9 C:\xampp\htdocs\toko-online\system\CodeIgniter.php(457): CodeIgniter\CodeIgniter->runController(Object(App\Controllers\Home))
#10 C:\xampp\htdocs\toko-online\system\CodeIgniter.php(340): CodeIgniter\CodeIgniter->handleRequest(NULL, Object(Config\Cache), false)
#11 C:\xampp\htdocs\toko-online\public\index.php(67): CodeIgniter\CodeIgniter->run()
#12 {main}
CRITICAL - 2022-09-08 03:39:16 --> Duplicate entry 'septiandwicahyo461@gmail.com' for key 'PRIMARY'
in SYSTEMPATH\Database\MySQLi\Connection.php on line 292.
 1 SYSTEMPATH\Database\MySQLi\Connection.php(292): mysqli->query('INSERT INTO `uservalidasi` (`userid`, `usernama`, `userpassword`, `userlevel`, `userstatus`) VALUES (\'septiandwicahyo461@gmail.com\', \'Septian Dwi Cahyo\', \'7c4a8d09ca3762af61e59520943dc26494f8941b\', \'2\', \'Progress\')', 0)
 2 SYSTEMPATH\Database\BaseConnection.php(693): CodeIgniter\Database\MySQLi\Connection->execute('INSERT INTO `uservalidasi` (`userid`, `usernama`, `userpassword`, `userlevel`, `userstatus`) VALUES (\'septiandwicahyo461@gmail.com\', \'Septian Dwi Cahyo\', \'7c4a8d09ca3762af61e59520943dc26494f8941b\', \'2\', \'Progress\')')
 3 SYSTEMPATH\Database\BaseConnection.php(620): CodeIgniter\Database\BaseConnection->simpleQuery('INSERT INTO `uservalidasi` (`userid`, `usernama`, `userpassword`, `userlevel`, `userstatus`) VALUES (\'septiandwicahyo461@gmail.com\', \'Septian Dwi Cahyo\', \'7c4a8d09ca3762af61e59520943dc26494f8941b\', \'2\', \'Progress\')')
 4 SYSTEMPATH\Database\BaseBuilder.php(1916): CodeIgniter\Database\BaseConnection->query('INSERT INTO `uservalidasi` (`userid`, `usernama`, `userpassword`, `userlevel`, `userstatus`) VALUES (:userid:, :usernama:, :userpassword:, :userlevel:, :userstatus:)', [...], false)
 5 SYSTEMPATH\Model.php(278): CodeIgniter\Database\BaseBuilder->insert()
 6 SYSTEMPATH\BaseModel.php(738): CodeIgniter\Model->doInsert([...])
 7 SYSTEMPATH\Model.php(666): CodeIgniter\BaseModel->insert([...], true)
 8 APPPATH\Controllers\Home.php(552): CodeIgniter\Model->insert([...])
 9 SYSTEMPATH\CodeIgniter.php(904): App\Controllers\Home->daftarUser()
10 SYSTEMPATH\CodeIgniter.php(457): CodeIgniter\CodeIgniter->runController(Object(App\Controllers\Home))
11 SYSTEMPATH\CodeIgniter.php(340): CodeIgniter\CodeIgniter->handleRequest(null, Object(Config\Cache), false)
12 FCPATH\index.php(67): CodeIgniter\CodeIgniter->run()
ERROR - 2022-09-08 03:39:48 --> mysqli_sql_exception: Duplicate entry 'septian12@gmail.com' for key 'PRIMARY' in C:\xampp\htdocs\toko-online\system\Database\MySQLi\Connection.php:292
Stack trace:
#0 C:\xampp\htdocs\toko-online\system\Database\MySQLi\Connection.php(292): mysqli->query('INSERT INTO `us...', 0)
#1 C:\xampp\htdocs\toko-online\system\Database\BaseConnection.php(693): CodeIgniter\Database\MySQLi\Connection->execute('INSERT INTO `us...')
#2 C:\xampp\htdocs\toko-online\system\Database\BaseConnection.php(620): CodeIgniter\Database\BaseConnection->simpleQuery('INSERT INTO `us...')
#3 C:\xampp\htdocs\toko-online\system\Database\BaseBuilder.php(1916): CodeIgniter\Database\BaseConnection->query('INSERT INTO `us...', Array, false)
#4 C:\xampp\htdocs\toko-online\system\Model.php(278): CodeIgniter\Database\BaseBuilder->insert()
#5 C:\xampp\htdocs\toko-online\system\BaseModel.php(738): CodeIgniter\Model->doInsert(Array)
#6 C:\xampp\htdocs\toko-online\system\Model.php(666): CodeIgniter\BaseModel->insert(Array, true)
#7 C:\xampp\htdocs\toko-online\app\Controllers\Home.php(552): CodeIgniter\Model->insert(Array)
#8 C:\xampp\htdocs\toko-online\system\CodeIgniter.php(904): App\Controllers\Home->daftarUser()
#9 C:\xampp\htdocs\toko-online\system\CodeIgniter.php(457): CodeIgniter\CodeIgniter->runController(Object(App\Controllers\Home))
#10 C:\xampp\htdocs\toko-online\system\CodeIgniter.php(340): CodeIgniter\CodeIgniter->handleRequest(NULL, Object(Config\Cache), false)
#11 C:\xampp\htdocs\toko-online\public\index.php(67): CodeIgniter\CodeIgniter->run()
#12 {main}
CRITICAL - 2022-09-08 03:39:48 --> Duplicate entry 'septian12@gmail.com' for key 'PRIMARY'
in SYSTEMPATH\Database\MySQLi\Connection.php on line 292.
 1 SYSTEMPATH\Database\MySQLi\Connection.php(292): mysqli->query('INSERT INTO `uservalidasi` (`userid`, `usernama`, `userpassword`, `userlevel`, `userstatus`) VALUES (\'septian12@gmail.com\', \'Septian Dwi Cahyo\', \'40bd001563085fc35165329ea1ff5c5ecbdbbeef\', \'2\', \'Progress\')', 0)
 2 SYSTEMPATH\Database\BaseConnection.php(693): CodeIgniter\Database\MySQLi\Connection->execute('INSERT INTO `uservalidasi` (`userid`, `usernama`, `userpassword`, `userlevel`, `userstatus`) VALUES (\'septian12@gmail.com\', \'Septian Dwi Cahyo\', \'40bd001563085fc35165329ea1ff5c5ecbdbbeef\', \'2\', \'Progress\')')
 3 SYSTEMPATH\Database\BaseConnection.php(620): CodeIgniter\Database\BaseConnection->simpleQuery('INSERT INTO `uservalidasi` (`userid`, `usernama`, `userpassword`, `userlevel`, `userstatus`) VALUES (\'septian12@gmail.com\', \'Septian Dwi Cahyo\', \'40bd001563085fc35165329ea1ff5c5ecbdbbeef\', \'2\', \'Progress\')')
 4 SYSTEMPATH\Database\BaseBuilder.php(1916): CodeIgniter\Database\BaseConnection->query('INSERT INTO `uservalidasi` (`userid`, `usernama`, `userpassword`, `userlevel`, `userstatus`) VALUES (:userid:, :usernama:, :userpassword:, :userlevel:, :userstatus:)', [...], false)
 5 SYSTEMPATH\Model.php(278): CodeIgniter\Database\BaseBuilder->insert()
 6 SYSTEMPATH\BaseModel.php(738): CodeIgniter\Model->doInsert([...])
 7 SYSTEMPATH\Model.php(666): CodeIgniter\BaseModel->insert([...], true)
 8 APPPATH\Controllers\Home.php(552): CodeIgniter\Model->insert([...])
 9 SYSTEMPATH\CodeIgniter.php(904): App\Controllers\Home->daftarUser()
10 SYSTEMPATH\CodeIgniter.php(457): CodeIgniter\CodeIgniter->runController(Object(App\Controllers\Home))
11 SYSTEMPATH\CodeIgniter.php(340): CodeIgniter\CodeIgniter->handleRequest(null, Object(Config\Cache), false)
12 FCPATH\index.php(67): CodeIgniter\CodeIgniter->run()
CRITICAL - 2022-09-08 03:43:04 --> Cannot use object of type CodeIgniter\Database\MySQLi\Result as array
in APPPATH\Controllers\Home.php on line 444.
 1 SYSTEMPATH\CodeIgniter.php(904): App\Controllers\Home->login()
 2 SYSTEMPATH\CodeIgniter.php(457): CodeIgniter\CodeIgniter->runController(Object(App\Controllers\Home))
 3 SYSTEMPATH\CodeIgniter.php(340): CodeIgniter\CodeIgniter->handleRequest(null, Object(Config\Cache), false)
 4 FCPATH\index.php(67): CodeIgniter\CodeIgniter->run()
CRITICAL - 2022-09-08 03:43:04 --> Cannot use object of type CodeIgniter\Database\MySQLi\Result as array
in APPPATH\Controllers\Home.php on line 444.
 1 SYSTEMPATH\CodeIgniter.php(904): App\Controllers\Home->login()
 2 SYSTEMPATH\CodeIgniter.php(457): CodeIgniter\CodeIgniter->runController(Object(App\Controllers\Home))
 3 SYSTEMPATH\CodeIgniter.php(340): CodeIgniter\CodeIgniter->handleRequest(null, Object(Config\Cache), false)
 4 FCPATH\index.php(67): CodeIgniter\CodeIgniter->run()
CRITICAL - 2022-09-08 03:43:09 --> Cannot use object of type CodeIgniter\Database\MySQLi\Result as array
in APPPATH\Controllers\Home.php on line 444.
 1 SYSTEMPATH\CodeIgniter.php(904): App\Controllers\Home->login()
 2 SYSTEMPATH\CodeIgniter.php(457): CodeIgniter\CodeIgniter->runController(Object(App\Controllers\Home))
 3 SYSTEMPATH\CodeIgniter.php(340): CodeIgniter\CodeIgniter->handleRequest(null, Object(Config\Cache), false)
 4 FCPATH\index.php(67): CodeIgniter\CodeIgniter->run()
CRITICAL - 2022-09-08 03:43:09 --> Cannot use object of type CodeIgniter\Database\MySQLi\Result as array
in APPPATH\Controllers\Home.php on line 444.
 1 SYSTEMPATH\CodeIgniter.php(904): App\Controllers\Home->login()
 2 SYSTEMPATH\CodeIgniter.php(457): CodeIgniter\CodeIgniter->runController(Object(App\Controllers\Home))
 3 SYSTEMPATH\CodeIgniter.php(340): CodeIgniter\CodeIgniter->handleRequest(null, Object(Config\Cache), false)
 4 FCPATH\index.php(67): CodeIgniter\CodeIgniter->run()
ERROR - 2022-09-08 03:46:56 --> mysqli_sql_exception: Duplicate entry 'sutino.skom@gmail.com' for key 'PRIMARY' in C:\xampp\htdocs\toko-online\system\Database\MySQLi\Connection.php:292
Stack trace:
#0 C:\xampp\htdocs\toko-online\system\Database\MySQLi\Connection.php(292): mysqli->query('INSERT INTO `us...', 0)
#1 C:\xampp\htdocs\toko-online\system\Database\BaseConnection.php(693): CodeIgniter\Database\MySQLi\Connection->execute('INSERT INTO `us...')
#2 C:\xampp\htdocs\toko-online\system\Database\BaseConnection.php(620): CodeIgniter\Database\BaseConnection->simpleQuery('INSERT INTO `us...')
#3 C:\xampp\htdocs\toko-online\system\Database\BaseBuilder.php(1916): CodeIgniter\Database\BaseConnection->query('INSERT INTO `us...', Array, false)
#4 C:\xampp\htdocs\toko-online\system\Model.php(278): CodeIgniter\Database\BaseBuilder->insert()
#5 C:\xampp\htdocs\toko-online\system\BaseModel.php(738): CodeIgniter\Model->doInsert(Array)
#6 C:\xampp\htdocs\toko-online\system\Model.php(666): CodeIgniter\BaseModel->insert(Array, true)
#7 C:\xampp\htdocs\toko-online\app\Controllers\Home.php(552): CodeIgniter\Model->insert(Array)
#8 C:\xampp\htdocs\toko-online\system\CodeIgniter.php(904): App\Controllers\Home->daftarUser()
#9 C:\xampp\htdocs\toko-online\system\CodeIgniter.php(457): CodeIgniter\CodeIgniter->runController(Object(App\Controllers\Home))
#10 C:\xampp\htdocs\toko-online\system\CodeIgniter.php(340): CodeIgniter\CodeIgniter->handleRequest(NULL, Object(Config\Cache), false)
#11 C:\xampp\htdocs\toko-online\public\index.php(67): CodeIgniter\CodeIgniter->run()
#12 {main}
CRITICAL - 2022-09-08 03:46:56 --> Duplicate entry 'sutino.skom@gmail.com' for key 'PRIMARY'
in SYSTEMPATH\Database\MySQLi\Connection.php on line 292.
 1 SYSTEMPATH\Database\MySQLi\Connection.php(292): mysqli->query('INSERT INTO `uservalidasi` (`userid`, `usernama`, `userpassword`, `userlevel`, `userstatus`) VALUES (\'sutino.skom@gmail.com\', \'Sutino\', \'40bd001563085fc35165329ea1ff5c5ecbdbbeef\', \'2\', \'Progress\')', 0)
 2 SYSTEMPATH\Database\BaseConnection.php(693): CodeIgniter\Database\MySQLi\Connection->execute('INSERT INTO `uservalidasi` (`userid`, `usernama`, `userpassword`, `userlevel`, `userstatus`) VALUES (\'sutino.skom@gmail.com\', \'Sutino\', \'40bd001563085fc35165329ea1ff5c5ecbdbbeef\', \'2\', \'Progress\')')
 3 SYSTEMPATH\Database\BaseConnection.php(620): CodeIgniter\Database\BaseConnection->simpleQuery('INSERT INTO `uservalidasi` (`userid`, `usernama`, `userpassword`, `userlevel`, `userstatus`) VALUES (\'sutino.skom@gmail.com\', \'Sutino\', \'40bd001563085fc35165329ea1ff5c5ecbdbbeef\', \'2\', \'Progress\')')
 4 SYSTEMPATH\Database\BaseBuilder.php(1916): CodeIgniter\Database\BaseConnection->query('INSERT INTO `uservalidasi` (`userid`, `usernama`, `userpassword`, `userlevel`, `userstatus`) VALUES (:userid:, :usernama:, :userpassword:, :userlevel:, :userstatus:)', [...], false)
 5 SYSTEMPATH\Model.php(278): CodeIgniter\Database\BaseBuilder->insert()
 6 SYSTEMPATH\BaseModel.php(738): CodeIgniter\Model->doInsert([...])
 7 SYSTEMPATH\Model.php(666): CodeIgniter\BaseModel->insert([...], true)
 8 APPPATH\Controllers\Home.php(552): CodeIgniter\Model->insert([...])
 9 SYSTEMPATH\CodeIgniter.php(904): App\Controllers\Home->daftarUser()
10 SYSTEMPATH\CodeIgniter.php(457): CodeIgniter\CodeIgniter->runController(Object(App\Controllers\Home))
11 SYSTEMPATH\CodeIgniter.php(340): CodeIgniter\CodeIgniter->handleRequest(null, Object(Config\Cache), false)
12 FCPATH\index.php(67): CodeIgniter\CodeIgniter->run()
CRITICAL - 2022-09-08 03:55:09 --> Trying to access array offset on value of type null
in APPPATH\Controllers\Home.php on line 444.
 1 APPPATH\Controllers\Home.php(444): CodeIgniter\Debug\Exceptions->errorHandler(8, 'Trying to access array offset on value of type null', 'APPPATH\\Controllers\\Home.php', 444, [...])
 2 SYSTEMPATH\CodeIgniter.php(904): App\Controllers\Home->login()
 3 SYSTEMPATH\CodeIgniter.php(457): CodeIgniter\CodeIgniter->runController(Object(App\Controllers\Home))
 4 SYSTEMPATH\CodeIgniter.php(340): CodeIgniter\CodeIgniter->handleRequest(null, Object(Config\Cache), false)
 5 FCPATH\index.php(67): CodeIgniter\CodeIgniter->run()
CRITICAL - 2022-09-08 03:55:09 --> Trying to access array offset on value of type null
in APPPATH\Controllers\Home.php on line 444.
 1 APPPATH\Controllers\Home.php(444): CodeIgniter\Debug\Exceptions->errorHandler(8, 'Trying to access array offset on value of type null', 'APPPATH\\Controllers\\Home.php', 444, [...])
 2 SYSTEMPATH\CodeIgniter.php(904): App\Controllers\Home->login()
 3 SYSTEMPATH\CodeIgniter.php(457): CodeIgniter\CodeIgniter->runController(Object(App\Controllers\Home))
 4 SYSTEMPATH\CodeIgniter.php(340): CodeIgniter\CodeIgniter->handleRequest(null, Object(Config\Cache), false)
 5 FCPATH\index.php(67): CodeIgniter\CodeIgniter->run()
CRITICAL - 2022-09-08 03:56:26 --> Trying to access array offset on value of type null
in APPPATH\Controllers\Home.php on line 444.
 1 APPPATH\Controllers\Home.php(444): CodeIgniter\Debug\Exceptions->errorHandler(8, 'Trying to access array offset on value of type null', 'APPPATH\\Controllers\\Home.php', 444, [...])
 2 SYSTEMPATH\CodeIgniter.php(904): App\Controllers\Home->login()
 3 SYSTEMPATH\CodeIgniter.php(457): CodeIgniter\CodeIgniter->runController(Object(App\Controllers\Home))
 4 SYSTEMPATH\CodeIgniter.php(340): CodeIgniter\CodeIgniter->handleRequest(null, Object(Config\Cache), false)
 5 FCPATH\index.php(67): CodeIgniter\CodeIgniter->run()
CRITICAL - 2022-09-08 03:56:26 --> Trying to access array offset on value of type null
in APPPATH\Controllers\Home.php on line 444.
 1 APPPATH\Controllers\Home.php(444): CodeIgniter\Debug\Exceptions->errorHandler(8, 'Trying to access array offset on value of type null', 'APPPATH\\Controllers\\Home.php', 444, [...])
 2 SYSTEMPATH\CodeIgniter.php(904): App\Controllers\Home->login()
 3 SYSTEMPATH\CodeIgniter.php(457): CodeIgniter\CodeIgniter->runController(Object(App\Controllers\Home))
 4 SYSTEMPATH\CodeIgniter.php(340): CodeIgniter\CodeIgniter->handleRequest(null, Object(Config\Cache), false)
 5 FCPATH\index.php(67): CodeIgniter\CodeIgniter->run()
CRITICAL - 2022-09-08 04:00:22 --> Trying to access array offset on value of type null
in APPPATH\Controllers\Home.php on line 444.
 1 APPPATH\Controllers\Home.php(444): CodeIgniter\Debug\Exceptions->errorHandler(8, 'Trying to access array offset on value of type null', 'APPPATH\\Controllers\\Home.php', 444, [...])
 2 SYSTEMPATH\CodeIgniter.php(904): App\Controllers\Home->login()
 3 SYSTEMPATH\CodeIgniter.php(457): CodeIgniter\CodeIgniter->runController(Object(App\Controllers\Home))
 4 SYSTEMPATH\CodeIgniter.php(340): CodeIgniter\CodeIgniter->handleRequest(null, Object(Config\Cache), false)
 5 FCPATH\index.php(67): CodeIgniter\CodeIgniter->run()
CRITICAL - 2022-09-08 04:00:22 --> Trying to access array offset on value of type null
in APPPATH\Controllers\Home.php on line 444.
 1 APPPATH\Controllers\Home.php(444): CodeIgniter\Debug\Exceptions->errorHandler(8, 'Trying to access array offset on value of type null', 'APPPATH\\Controllers\\Home.php', 444, [...])
 2 SYSTEMPATH\CodeIgniter.php(904): App\Controllers\Home->login()
 3 SYSTEMPATH\CodeIgniter.php(457): CodeIgniter\CodeIgniter->runController(Object(App\Controllers\Home))
 4 SYSTEMPATH\CodeIgniter.php(340): CodeIgniter\CodeIgniter->handleRequest(null, Object(Config\Cache), false)
 5 FCPATH\index.php(67): CodeIgniter\CodeIgniter->run()
ERROR - 2022-09-08 04:21:14 --> mysqli_sql_exception: Duplicate entry 'sutinosir@gmail.com' for key 'PRIMARY' in C:\xampp\htdocs\toko-online\system\Database\MySQLi\Connection.php:292
Stack trace:
#0 C:\xampp\htdocs\toko-online\system\Database\MySQLi\Connection.php(292): mysqli->query('INSERT INTO `us...', 0)
#1 C:\xampp\htdocs\toko-online\system\Database\BaseConnection.php(693): CodeIgniter\Database\MySQLi\Connection->execute('INSERT INTO `us...')
#2 C:\xampp\htdocs\toko-online\system\Database\BaseConnection.php(620): CodeIgniter\Database\BaseConnection->simpleQuery('INSERT INTO `us...')
#3 C:\xampp\htdocs\toko-online\system\Database\BaseBuilder.php(1916): CodeIgniter\Database\BaseConnection->query('INSERT INTO `us...', Array, false)
#4 C:\xampp\htdocs\toko-online\system\Model.php(278): CodeIgniter\Database\BaseBuilder->insert()
#5 C:\xampp\htdocs\toko-online\system\BaseModel.php(738): CodeIgniter\Model->doInsert(Array)
#6 C:\xampp\htdocs\toko-online\system\Model.php(666): CodeIgniter\BaseModel->insert(Array, true)
#7 C:\xampp\htdocs\toko-online\app\Controllers\Home.php(643): CodeIgniter\Model->insert(Array)
#8 C:\xampp\htdocs\toko-online\system\CodeIgniter.php(904): App\Controllers\Home->verifikasi('a8e80a4166972fd...')
#9 C:\xampp\htdocs\toko-online\system\CodeIgniter.php(457): CodeIgniter\CodeIgniter->runController(Object(App\Controllers\Home))
#10 C:\xampp\htdocs\toko-online\system\CodeIgniter.php(340): CodeIgniter\CodeIgniter->handleRequest(NULL, Object(Config\Cache), false)
#11 C:\xampp\htdocs\toko-online\public\index.php(67): CodeIgniter\CodeIgniter->run()
#12 {main}
CRITICAL - 2022-09-08 04:21:14 --> Duplicate entry 'sutinosir@gmail.com' for key 'PRIMARY'
in SYSTEMPATH\Database\MySQLi\Connection.php on line 292.
 1 SYSTEMPATH\Database\MySQLi\Connection.php(292): mysqli->query('INSERT INTO `users` (`userid`, `usernama`, `userpassword`, `userlevel`, `usergender`, `userlahir`, `userrt`, `userrw`, `useralamatid`, `usertelp`, `userfoto`, `usermap`) VALUES (\'sutinosir@gmail.com\', \'Sutino aja\', \'40bd001563085fc35165329ea1ff5c5ecbdbbeef\', \'2\', \'\', \'\', \'\', \'\', \'\', \'\', \'\', \'\')', 0)
 2 SYSTEMPATH\Database\BaseConnection.php(693): CodeIgniter\Database\MySQLi\Connection->execute('INSERT INTO `users` (`userid`, `usernama`, `userpassword`, `userlevel`, `usergender`, `userlahir`, `userrt`, `userrw`, `useralamatid`, `usertelp`, `userfoto`, `usermap`) VALUES (\'sutinosir@gmail.com\', \'Sutino aja\', \'40bd001563085fc35165329ea1ff5c5ecbdbbeef\', \'2\', \'\', \'\', \'\', \'\', \'\', \'\', \'\', \'\')')
 3 SYSTEMPATH\Database\BaseConnection.php(620): CodeIgniter\Database\BaseConnection->simpleQuery('INSERT INTO `users` (`userid`, `usernama`, `userpassword`, `userlevel`, `usergender`, `userlahir`, `userrt`, `userrw`, `useralamatid`, `usertelp`, `userfoto`, `usermap`) VALUES (\'sutinosir@gmail.com\', \'Sutino aja\', \'40bd001563085fc35165329ea1ff5c5ecbdbbeef\', \'2\', \'\', \'\', \'\', \'\', \'\', \'\', \'\', \'\')')
 4 SYSTEMPATH\Database\BaseBuilder.php(1916): CodeIgniter\Database\BaseConnection->query('INSERT INTO `users` (`userid`, `usernama`, `userpassword`, `userlevel`, `usergender`, `userlahir`, `userrt`, `userrw`, `useralamatid`, `usertelp`, `userfoto`, `usermap`) VALUES (:userid:, :usernama:, :userpassword:, :userlevel:, :usergender:, :userlahir:, :userrt:, :userrw:, :useralamatid:, :usertelp:, :userfoto:, :usermap:)', [...], false)
 5 SYSTEMPATH\Model.php(278): CodeIgniter\Database\BaseBuilder->insert()
 6 SYSTEMPATH\BaseModel.php(738): CodeIgniter\Model->doInsert([...])
 7 SYSTEMPATH\Model.php(666): CodeIgniter\BaseModel->insert([...], true)
 8 APPPATH\Controllers\Home.php(643): CodeIgniter\Model->insert([...])
 9 SYSTEMPATH\CodeIgniter.php(904): App\Controllers\Home->verifikasi('a8e80a4166972fd07b1eb9ab7ebc2d567f8ba952')
10 SYSTEMPATH\CodeIgniter.php(457): CodeIgniter\CodeIgniter->runController(Object(App\Controllers\Home))
11 SYSTEMPATH\CodeIgniter.php(340): CodeIgniter\CodeIgniter->handleRequest(null, Object(Config\Cache), false)
12 FCPATH\index.php(67): CodeIgniter\CodeIgniter->run()
