ERROR - 2022-09-02 02:14:31 --> mysqli_sql_exception: Unknown column 'useralamatid' in 'on clause' in C:\xampp\htdocs\toko-online\system\Database\MySQLi\Connection.php:292
Stack trace:
#0 C:\xampp\htdocs\toko-online\system\Database\MySQLi\Connection.php(292): mysqli->query('SELECT *\nFROM `...', 0)
#1 C:\xampp\htdocs\toko-online\system\Database\BaseConnection.php(693): CodeIgniter\Database\MySQLi\Connection->execute('SELECT *\nFROM `...')
#2 C:\xampp\htdocs\toko-online\system\Database\BaseConnection.php(620): CodeIgniter\Database\BaseConnection->simpleQuery('SELECT *\nFROM `...')
#3 C:\xampp\htdocs\toko-online\system\Database\BaseBuilder.php(1718): CodeIgniter\Database\BaseConnection->query('SELECT *\nFROM `...', Array, false)
#4 C:\xampp\htdocs\toko-online\system\Model.php(771): CodeIgniter\Database\BaseBuilder->getWhere(Array)
#5 C:\xampp\htdocs\toko-online\app\Models\ModelUsers.php(18): CodeIgniter\Model->__call('getWhere', Array)
#6 C:\xampp\htdocs\toko-online\app\Controllers\Profil.php(15): App\Models\ModelUsers->cekUser('8764a505082f706...')
#7 C:\xampp\htdocs\toko-online\system\CodeIgniter.php(904): App\Controllers\Profil->index('8764a505082f706...')
#8 C:\xampp\htdocs\toko-online\system\CodeIgniter.php(457): CodeIgniter\CodeIgniter->runController(Object(App\Controllers\Profil))
#9 C:\xampp\htdocs\toko-online\system\CodeIgniter.php(340): CodeIgniter\CodeIgniter->handleRequest(NULL, Object(Config\Cache), false)
#10 C:\xampp\htdocs\toko-online\public\index.php(67): CodeIgniter\CodeIgniter->run()
#11 {main}
CRITICAL - 2022-09-02 02:14:31 --> Unknown column 'useralamatid' in 'on clause'
in SYSTEMPATH\Database\MySQLi\Connection.php on line 292.
 1 SYSTEMPATH\Database\MySQLi\Connection.php(292): mysqli->query('SELECT *
FROM `users`
LEFT JOIN `wilayah` ON `id_wilayah`=`useralamatid`
WHERE sha1(userid) = \'8764a505082f706e1ccdc3174afe98e104a12150\'', 0)
 2 SYSTEMPATH\Database\BaseConnection.php(693): CodeIgniter\Database\MySQLi\Connection->execute('SELECT *
FROM `users`
LEFT JOIN `wilayah` ON `id_wilayah`=`useralamatid`
WHERE sha1(userid) = \'8764a505082f706e1ccdc3174afe98e104a12150\'')
 3 SYSTEMPATH\Database\BaseConnection.php(620): CodeIgniter\Database\BaseConnection->simpleQuery('SELECT *
FROM `users`
LEFT JOIN `wilayah` ON `id_wilayah`=`useralamatid`
WHERE sha1(userid) = \'8764a505082f706e1ccdc3174afe98e104a12150\'')
 4 SYSTEMPATH\Database\BaseBuilder.php(1718): CodeIgniter\Database\BaseConnection->query('SELECT *
FROM `users`
LEFT JOIN `wilayah` ON `id_wilayah`=`useralamatid`
WHERE sha1(userid) = :sha1(userid):', [...], false)
 5 SYSTEMPATH\Model.php(771): CodeIgniter\Database\BaseBuilder->getWhere([...])
 6 APPPATH\Models\ModelUsers.php(18): CodeIgniter\Model->__call('getWhere', [...])
 7 APPPATH\Controllers\Profil.php(15): App\Models\ModelUsers->cekUser('8764a505082f706e1ccdc3174afe98e104a12150')
 8 SYSTEMPATH\CodeIgniter.php(904): App\Controllers\Profil->index('8764a505082f706e1ccdc3174afe98e104a12150')
 9 SYSTEMPATH\CodeIgniter.php(457): CodeIgniter\CodeIgniter->runController(Object(App\Controllers\Profil))
10 SYSTEMPATH\CodeIgniter.php(340): CodeIgniter\CodeIgniter->handleRequest(null, Object(Config\Cache), false)
11 FCPATH\index.php(67): CodeIgniter\CodeIgniter->run()
CRITICAL - 2022-09-02 02:43:45 --> Trying to access array offset on value of type null
in APPPATH\Controllers\Home.php on line 162.
 1 APPPATH\Controllers\Home.php(162): CodeIgniter\Debug\Exceptions->errorHandler(8, 'Trying to access array offset on value of type null', 'APPPATH\\Controllers\\Home.php', 162, [...])
 2 SYSTEMPATH\CodeIgniter.php(904): App\Controllers\Home->katalogdetail('1')
 3 SYSTEMPATH\CodeIgniter.php(457): CodeIgniter\CodeIgniter->runController(Object(App\Controllers\Home))
 4 SYSTEMPATH\CodeIgniter.php(340): CodeIgniter\CodeIgniter->handleRequest(null, Object(Config\Cache), false)
 5 FCPATH\index.php(67): CodeIgniter\CodeIgniter->run()
